<?xml version="1.0" encoding="UTF-8"?>
<!-- Generated by org.testng.reporters.JUnitXMLReporter -->
<testsuite hostname="DESKTOP-G81NK99" ignored="0" name="GPSEnableHamburgerScrolling" tests="4" failures="0" timestamp="13 Sep 2021 09:08:21 GMT" time="183.484" errors="0">
  <testcase name="scrolling" time="38.517" classname="AppiumCRMpoc.AppiumCRMpocAI.hamburgerscrollable_tc_1"/>
  <testcase name="leadLayoutopened" time="57.505" classname="AppiumCRMpoc.AppiumCRMpocAI.LeadLayoutopencheck_tc"/>
  <testcase name="gpsEnablecheck" time="44.157" classname="AppiumCRMpoc.AppiumCRMpocAI.gpsEnable_tc2"/>
  <testcase name="sortingbuttontest" time="43.169" classname="AppiumCRMpoc.AppiumCRMpocAI.SortingButtoncheck_tc"/>
</testsuite> <!-- GPSEnableHamburgerScrolling -->
