<?xml version="1.0" encoding="UTF-8"?>
<!-- Generated by org.testng.reporters.JUnitXMLReporter -->
<testsuite hostname="DESKTOP-G81NK99" ignored="0" name="Default test" tests="2" failures="0" timestamp="25 Sep 2021 17:22:00 GMT" time="72.587" errors="0">
  <testcase name="logintest" time="37.155" classname="AppiumCRMpoc.AppiumCRMpocAI.LoginWithDataDriven_tc"/>
  <testcase name="logintest" time="33.624" classname="AppiumCRMpoc.AppiumCRMpocAI.LoginWithDataDriven_tc"/>
</testsuite> <!-- Default test -->
