<?xml version="1.0" encoding="UTF-8"?>
<!-- Generated by org.testng.reporters.JUnitXMLReporter -->
<testsuite hostname="DESKTOP-G81NK99" ignored="0" name="Default test" tests="2" failures="0" timestamp="25 Sep 2021 05:04:58 GMT" time="57.13" errors="0">
  <testcase name="logintest" time="29.183" classname="AppiumCRMpoc.AppiumCRMpocAI.LoginWithDataDriven_tc"/>
  <testcase name="logintest" time="26.12" classname="AppiumCRMpoc.AppiumCRMpocAI.LoginWithDataDriven_tc"/>
</testsuite> <!-- Default test -->
