<?xml version="1.0" encoding="UTF-8"?>
<testng-results skipped="0" failed="0" ignored="0" total="3" passed="3">
  <reporter-output>
  </reporter-output>
  <suite name="Smoke" duration-ms="186126" started-at="2021-09-29T06:44:27Z" finished-at="2021-09-29T06:47:33Z">
    <groups>
    </groups>
    <test name="LoginTest" duration-ms="186126" started-at="2021-09-29T06:44:27Z" finished-at="2021-09-29T06:47:33Z">
      <class name="AppiumCRMpoc.AppiumCRMpocAI.LoginWithDataDriven_tc">
        <test-method status="PASS" signature="logintest(java.lang.String, java.lang.String)[pri:0, instance:AppiumCRMpoc.AppiumCRMpocAI.LoginWithDataDriven_tc@29ca901e]" name="logintest" duration-ms="89263" started-at="2021-09-29T12:14:30Z" data-provider="test1data" finished-at="2021-09-29T12:15:59Z">
          <params>
            <param index="0">
              <value>
                <![CDATA[Akash]]>
              </value>
            </param>
            <param index="1">
              <value>
                <![CDATA[acidqa_]]>
              </value>
            </param>
          </params>
          <reporter-output>
          </reporter-output>
        </test-method> <!-- logintest -->
        <test-method status="PASS" signature="logintest(java.lang.String, java.lang.String)[pri:0, instance:AppiumCRMpoc.AppiumCRMpocAI.LoginWithDataDriven_tc@29ca901e]" name="logintest" duration-ms="40653" started-at="2021-09-29T12:15:59Z" data-provider="test1data" finished-at="2021-09-29T12:16:40Z">
          <params>
            <param index="0">
              <value>
                <![CDATA[Jessi]]>
              </value>
            </param>
            <param index="1">
              <value>
                <![CDATA[Abc%123]]>
              </value>
            </param>
          </params>
          <reporter-output>
          </reporter-output>
        </test-method> <!-- logintest -->
        <test-method status="PASS" signature="logintest(java.lang.String, java.lang.String)[pri:0, instance:AppiumCRMpoc.AppiumCRMpocAI.LoginWithDataDriven_tc@29ca901e]" name="logintest" duration-ms="53186" started-at="2021-09-29T12:16:40Z" data-provider="test1data" finished-at="2021-09-29T12:17:33Z">
          <params>
            <param index="0">
              <value>
                <![CDATA[A001]]>
              </value>
            </param>
            <param index="1">
              <value>
                <![CDATA[Apple@123]]>
              </value>
            </param>
          </params>
          <reporter-output>
          </reporter-output>
        </test-method> <!-- logintest -->
      </class> <!-- AppiumCRMpoc.AppiumCRMpocAI.LoginWithDataDriven_tc -->
    </test> <!-- LoginTest -->
  </suite> <!-- Smoke -->
</testng-results>
