<?xml version="1.0" encoding="UTF-8"?>
<testsuite xmlns:xsi="http://www.w3.org/2001/XMLSchema-instance" xsi:noNamespaceSchemaLocation="https://maven.apache.org/surefire/maven-surefire-plugin/xsd/surefire-test-report-3.0.xsd" version="3.0" name="TestSuite" time="16.362" tests="4" errors="0" skipped="0" failures="4">
  <properties>
[...]
</properties>
  <testcase name="scrolling" classname="AppiumCRMpoc.AppiumCRMpocAI.hamburgerscrollable_tc_1" time="6.024">
    <failure message="Unable to create a new remote session. Original error: Connection reset&#10;Build info: version: &apos;3.141.59&apos;, revision: &apos;e82be7d358&apos;, time: &apos;2018-11-14T08:17:03&apos;&#10;System info: host: &apos;DESKTOP-G81NK99&apos;, ip: &apos;192.168.56.214&apos;, os.name: &apos;Windows 10&apos;, os.arch: &apos;amd64&apos;, os.version: &apos;10.0&apos;, java.version: &apos;1.8.0_181&apos;&#10;Driver info: driver.version: AndroidDriver" type="org.openqa.selenium.SessionNotCreatedException"><![CDATA[org.openqa.selenium.SessionNotCreatedException: 
Unable to create a new remote session. Original error: Connection reset
Build info: version: '3.141.59', revision: 'e82be7d358', time: '2018-11-14T08:17:03'
System info: host: 'DESKTOP-G81NK99', ip: '192.168.56.214', os.name: 'Windows 10', os.arch: 'amd64', os.version: '10.0', java.version: '1.8.0_181'
Driver info: driver.version: AndroidDriver
	at AppiumCRMpoc.AppiumCRMpocAI.hamburgerscrollable_tc_1.scrolling(hamburgerscrollable_tc_1.java:19)
Caused by: java.lang.reflect.InvocationTargetException
	at AppiumCRMpoc.AppiumCRMpocAI.hamburgerscrollable_tc_1.scrolling(hamburgerscrollable_tc_1.java:19)
Caused by: java.net.SocketException: Connection reset
	at AppiumCRMpoc.AppiumCRMpocAI.hamburgerscrollable_tc_1.scrolling(hamburgerscrollable_tc_1.java:19)
]]></failure>
  </testcase>
  <testcase name="leadLayoutopened" classname="AppiumCRMpoc.AppiumCRMpocAI.LeadLayoutopencheck_tc" time="2.119">
    <failure message="Connection refused: connect&#10;Build info: version: &apos;3.141.59&apos;, revision: &apos;e82be7d358&apos;, time: &apos;2018-11-14T08:17:03&apos;&#10;System info: host: &apos;DESKTOP-G81NK99&apos;, ip: &apos;192.168.56.214&apos;, os.name: &apos;Windows 10&apos;, os.arch: &apos;amd64&apos;, os.version: &apos;10.0&apos;, java.version: &apos;1.8.0_181&apos;&#10;Driver info: driver.version: AndroidDriver" type="org.openqa.selenium.WebDriverException"><![CDATA[org.openqa.selenium.WebDriverException: 
Connection refused: connect
Build info: version: '3.141.59', revision: 'e82be7d358', time: '2018-11-14T08:17:03'
System info: host: 'DESKTOP-G81NK99', ip: '192.168.56.214', os.name: 'Windows 10', os.arch: 'amd64', os.version: '10.0', java.version: '1.8.0_181'
Driver info: driver.version: AndroidDriver
	at AppiumCRMpoc.AppiumCRMpocAI.LeadLayoutopencheck_tc.leadLayoutopened(LeadLayoutopencheck_tc.java:21)
Caused by: java.net.ConnectException: Connection refused: connect
	at AppiumCRMpoc.AppiumCRMpocAI.LeadLayoutopencheck_tc.leadLayoutopened(LeadLayoutopencheck_tc.java:21)
]]></failure>
  </testcase>
  <testcase name="gpsEnablecheck" classname="AppiumCRMpoc.AppiumCRMpocAI.gpsEnable_tc2" time="2.098">
    <failure message="Connection refused: connect&#10;Build info: version: &apos;3.141.59&apos;, revision: &apos;e82be7d358&apos;, time: &apos;2018-11-14T08:17:03&apos;&#10;System info: host: &apos;DESKTOP-G81NK99&apos;, ip: &apos;192.168.56.214&apos;, os.name: &apos;Windows 10&apos;, os.arch: &apos;amd64&apos;, os.version: &apos;10.0&apos;, java.version: &apos;1.8.0_181&apos;&#10;Driver info: driver.version: AndroidDriver" type="org.openqa.selenium.WebDriverException"><![CDATA[org.openqa.selenium.WebDriverException: 
Connection refused: connect
Build info: version: '3.141.59', revision: 'e82be7d358', time: '2018-11-14T08:17:03'
System info: host: 'DESKTOP-G81NK99', ip: '192.168.56.214', os.name: 'Windows 10', os.arch: 'amd64', os.version: '10.0', java.version: '1.8.0_181'
Driver info: driver.version: AndroidDriver
	at AppiumCRMpoc.AppiumCRMpocAI.gpsEnable_tc2.gpsEnablecheck(gpsEnable_tc2.java:20)
Caused by: java.net.ConnectException: Connection refused: connect
	at AppiumCRMpoc.AppiumCRMpocAI.gpsEnable_tc2.gpsEnablecheck(gpsEnable_tc2.java:20)
]]></failure>
  </testcase>
  <testcase name="sortingbuttontest" classname="AppiumCRMpoc.AppiumCRMpocAI.SortingButtoncheck_tc" time="2.09">
    <failure message="Connection refused: connect&#10;Build info: version: &apos;3.141.59&apos;, revision: &apos;e82be7d358&apos;, time: &apos;2018-11-14T08:17:03&apos;&#10;System info: host: &apos;DESKTOP-G81NK99&apos;, ip: &apos;192.168.56.214&apos;, os.name: &apos;Windows 10&apos;, os.arch: &apos;amd64&apos;, os.version: &apos;10.0&apos;, java.version: &apos;1.8.0_181&apos;&#10;Driver info: driver.version: AndroidDriver" type="org.openqa.selenium.WebDriverException"><![CDATA[org.openqa.selenium.WebDriverException: 
Connection refused: connect
Build info: version: '3.141.59', revision: 'e82be7d358', time: '2018-11-14T08:17:03'
System info: host: 'DESKTOP-G81NK99', ip: '192.168.56.214', os.name: 'Windows 10', os.arch: 'amd64', os.version: '10.0', java.version: '1.8.0_181'
Driver info: driver.version: AndroidDriver
	at AppiumCRMpoc.AppiumCRMpocAI.SortingButtoncheck_tc.sortingbuttontest(SortingButtoncheck_tc.java:21)
Caused by: java.net.ConnectException: Connection refused: connect
	at AppiumCRMpoc.AppiumCRMpocAI.SortingButtoncheck_tc.sortingbuttontest(SortingButtoncheck_tc.java:21)
]]></failure>
  </testcase>
</testsuite>