<?xml version="1.0" encoding="UTF-8"?>
<testng-results skipped="0" failed="1" ignored="0" total="3" passed="2">
  <reporter-output>
  </reporter-output>
  <suite name="Smoke" duration-ms="134378" started-at="2021-09-26T09:53:02Z" finished-at="2021-09-26T09:55:17Z">
    <groups>
    </groups>
    <test name="LoginTest" duration-ms="134378" started-at="2021-09-26T09:53:02Z" finished-at="2021-09-26T09:55:17Z">
      <class name="AppiumCRMpoc.AppiumCRMpocAI.LoginWithDataDriven_tc">
        <test-method status="PASS" signature="logintest(java.lang.String, java.lang.String)[pri:0, instance:AppiumCRMpoc.AppiumCRMpocAI.LoginWithDataDriven_tc@2d928643]" name="logintest" duration-ms="28835" started-at="2021-09-26T15:24:12Z" data-provider="test1data" finished-at="2021-09-26T15:24:40Z">
          <params>
            <param index="0">
              <value>
                <![CDATA[Akash]]>
              </value>
            </param>
            <param index="1">
              <value>
                <![CDATA[acidqa_]]>
              </value>
            </param>
          </params>
          <reporter-output>
          </reporter-output>
        </test-method> <!-- logintest -->
        <test-method status="PASS" signature="logintest(java.lang.String, java.lang.String)[pri:0, instance:AppiumCRMpoc.AppiumCRMpocAI.LoginWithDataDriven_tc@2d928643]" name="logintest" duration-ms="36266" started-at="2021-09-26T15:24:40Z" data-provider="test1data" finished-at="2021-09-26T15:25:17Z">
          <params>
            <param index="0">
              <value>
                <![CDATA[Jessi]]>
              </value>
            </param>
            <param index="1">
              <value>
                <![CDATA[Abc%123]]>
              </value>
            </param>
          </params>
          <reporter-output>
          </reporter-output>
        </test-method> <!-- logintest -->
      </class> <!-- AppiumCRMpoc.AppiumCRMpocAI.LoginWithDataDriven_tc -->
      <class name="AppiumCRMpoc.AppiumCRMpocAI.Login_tc">
        <test-method status="FAIL" signature="logintest()[pri:0, instance:AppiumCRMpoc.AppiumCRMpocAI.Login_tc@29ca901e]" name="logintest" duration-ms="66223" started-at="2021-09-26T15:23:02Z" finished-at="2021-09-26T15:24:09Z">
          <exception class="org.openqa.selenium.NoSuchElementException">
            <message>
              <![CDATA[An element could not be located on the page using the given search parameters.For documentation on this error, please visit: https://www.seleniumhq.org/exceptions/no_such_element.htmlBuild info: version: '3.141.59', revision: 'e82be7d358', time: '2018-11-14T08:17:03'System info: host: 'DESKTOP-G81NK99', ip: '192.168.0.111', os.name: 'Windows 10', os.arch: 'amd64', os.version: '10.0', java.version: '1.8.0_181'Driver info: io.appium.java_client.android.AndroidDriverCapabilities {app: C:\Users\Akash Sharma\Deskt..., appActivity: .qr.QrScannerActivity t50, appPackage: com.crmnextmobile.crmnextof..., automationName: APPIUM, databaseEnabled: false, desired: {app: C:\Users\Akash Sharma\Deskt..., appActivity: .qr.QrScannerActivity t50, appPackage: com.crmnextmobile.crmnextof..., automationName: APPIUM, deviceName: PVLBTCAE4L5SSGM7, newCommandTimeout: 120, noReset: true, platformName: android, platformVersion: 11.0}, deviceApiLevel: 30, deviceManufacturer: realme, deviceModel: RMX3171, deviceName: PVLBTCAE4L5SSGM7, deviceScreenDensity: 320, deviceScreenSize: 720x1600, deviceUDID: PVLBTCAE4L5SSGM7, javascriptEnabled: true, locationContextEnabled: false, networkConnectionEnabled: true, newCommandTimeout: 120, noReset: true, pixelRatio: 2, platform: LINUX, platformName: Android, platformVersion: 11, statBarHeight: 64, takesScreenshot: true, viewportRect: {height: 1384, left: 0, top: 64, width: 720}, warnings: {}, webStorageEnabled: false}Session ID: de968a0e-0fdc-4a9e-bdc5-84d072e07abc*** Element info: {Using=xpath, value=//*[@text='While using the app']}]]>
            </message>
            <full-stacktrace>
              <![CDATA[org.openqa.selenium.NoSuchElementException: An element could not be located on the page using the given search parameters.For documentation on this error, please visit: https://www.seleniumhq.org/exceptions/no_such_element.htmlBuild info: version: '3.141.59', revision: 'e82be7d358', time: '2018-11-14T08:17:03'System info: host: 'DESKTOP-G81NK99', ip: '192.168.0.111', os.name: 'Windows 10', os.arch: 'amd64', os.version: '10.0', java.version: '1.8.0_181'Driver info: io.appium.java_client.android.AndroidDriverCapabilities {app: C:\Users\Akash Sharma\Deskt..., appActivity: .qr.QrScannerActivity t50, appPackage: com.crmnextmobile.crmnextof..., automationName: APPIUM, databaseEnabled: false, desired: {app: C:\Users\Akash Sharma\Deskt..., appActivity: .qr.QrScannerActivity t50, appPackage: com.crmnextmobile.crmnextof..., automationName: APPIUM, deviceName: PVLBTCAE4L5SSGM7, newCommandTimeout: 120, noReset: true, platformName: android, platformVersion: 11.0}, deviceApiLevel: 30, deviceManufacturer: realme, deviceModel: RMX3171, deviceName: PVLBTCAE4L5SSGM7, deviceScreenDensity: 320, deviceScreenSize: 720x1600, deviceUDID: PVLBTCAE4L5SSGM7, javascriptEnabled: true, locationContextEnabled: false, networkConnectionEnabled: true, newCommandTimeout: 120, noReset: true, pixelRatio: 2, platform: LINUX, platformName: Android, platformVersion: 11, statBarHeight: 64, takesScreenshot: true, viewportRect: {height: 1384, left: 0, top: 64, width: 720}, warnings: {}, webStorageEnabled: false}Session ID: de968a0e-0fdc-4a9e-bdc5-84d072e07abc*** Element info: {Using=xpath, value=//*[@text='While using the app']}at sun.reflect.NativeConstructorAccessorImpl.newInstance0(Native Method)at sun.reflect.NativeConstructorAccessorImpl.newInstance(NativeConstructorAccessorImpl.java:62)at sun.reflect.DelegatingConstructorAccessorImpl.newInstance(DelegatingConstructorAccessorImpl.java:45)at java.lang.reflect.Constructor.newInstance(Constructor.java:423)at org.openqa.selenium.remote.http.W3CHttpResponseCodec.createException(W3CHttpResponseCodec.java:187)at org.openqa.selenium.remote.http.W3CHttpResponseCodec.decode(W3CHttpResponseCodec.java:122)at org.openqa.selenium.remote.http.W3CHttpResponseCodec.decode(W3CHttpResponseCodec.java:49)at org.openqa.selenium.remote.HttpCommandExecutor.execute(HttpCommandExecutor.java:158)at io.appium.java_client.remote.AppiumCommandExecutor.execute(AppiumCommandExecutor.java:247)at org.openqa.selenium.remote.RemoteWebDriver.execute(RemoteWebDriver.java:552)at io.appium.java_client.DefaultGenericMobileDriver.execute(DefaultGenericMobileDriver.java:41)at io.appium.java_client.AppiumDriver.execute(AppiumDriver.java:1)at io.appium.java_client.android.AndroidDriver.execute(AndroidDriver.java:1)at org.openqa.selenium.remote.RemoteWebDriver.findElement(RemoteWebDriver.java:323)at io.appium.java_client.DefaultGenericMobileDriver.findElement(DefaultGenericMobileDriver.java:61)at io.appium.java_client.AppiumDriver.findElement(AppiumDriver.java:1)at io.appium.java_client.android.AndroidDriver.findElement(AndroidDriver.java:1)at org.openqa.selenium.remote.RemoteWebDriver.findElementByXPath(RemoteWebDriver.java:428)at io.appium.java_client.DefaultGenericMobileDriver.findElementByXPath(DefaultGenericMobileDriver.java:151)at io.appium.java_client.AppiumDriver.findElementByXPath(AppiumDriver.java:1)at io.appium.java_client.android.AndroidDriver.findElementByXPath(AndroidDriver.java:1)at org.openqa.selenium.By$ByXPath.findElement(By.java:353)at org.openqa.selenium.remote.RemoteWebDriver.findElement(RemoteWebDriver.java:315)at io.appium.java_client.DefaultGenericMobileDriver.findElement(DefaultGenericMobileDriver.java:57)at io.appium.java_client.AppiumDriver.findElement(AppiumDriver.java:1)at io.appium.java_client.android.AndroidDriver.findElement(AndroidDriver.java:1)at AppiumCRMpoc.AppiumCRMpocAI.Login_tc.logintest(Login_tc.java:25)at sun.reflect.NativeMethodAccessorImpl.invoke0(Native Method)at sun.reflect.NativeMethodAccessorImpl.invoke(NativeMethodAccessorImpl.java:62)at sun.reflect.DelegatingMethodAccessorImpl.invoke(DelegatingMethodAccessorImpl.java:43)at java.lang.reflect.Method.invoke(Method.java:498)at org.testng.internal.MethodInvocationHelper.invokeMethod(MethodInvocationHelper.java:124)at org.testng.internal.Invoker.invokeMethod(Invoker.java:571)at org.testng.internal.Invoker.invokeTestMethod(Invoker.java:707)at org.testng.internal.Invoker.invokeTestMethods(Invoker.java:979)at org.testng.internal.TestMethodWorker.invokeTestMethods(TestMethodWorker.java:125)at org.testng.internal.TestMethodWorker.run(TestMethodWorker.java:109)at org.testng.TestRunner.privateRun(TestRunner.java:648)at org.testng.TestRunner.run(TestRunner.java:505)at org.testng.SuiteRunner.runTest(SuiteRunner.java:455)at org.testng.SuiteRunner.runSequentially(SuiteRunner.java:450)at org.testng.SuiteRunner.privateRun(SuiteRunner.java:415)at org.testng.SuiteRunner.run(SuiteRunner.java:364)at org.testng.SuiteRunnerWorker.runSuite(SuiteRunnerWorker.java:52)at org.testng.SuiteRunnerWorker.run(SuiteRunnerWorker.java:84)at org.testng.TestNG.runSuitesSequentially(TestNG.java:1187)at org.testng.TestNG.runSuitesLocally(TestNG.java:1116)at org.testng.TestNG.runSuites(TestNG.java:1028)at org.testng.TestNG.run(TestNG.java:996)at org.apache.maven.surefire.testng.TestNGExecutor.run(TestNGExecutor.java:284)at org.apache.maven.surefire.testng.TestNGXmlTestSuite.execute(TestNGXmlTestSuite.java:75)at org.apache.maven.surefire.testng.TestNGProvider.invoke(TestNGProvider.java:119)at org.apache.maven.surefire.booter.ForkedBooter.runSuitesInProcess(ForkedBooter.java:428)at org.apache.maven.surefire.booter.ForkedBooter.execute(ForkedBooter.java:162)at org.apache.maven.surefire.booter.ForkedBooter.run(ForkedBooter.java:562)at org.apache.maven.surefire.booter.ForkedBooter.main(ForkedBooter.java:548)]]>
            </full-stacktrace>
          </exception> <!-- org.openqa.selenium.NoSuchElementException -->
          <reporter-output>
          </reporter-output>
        </test-method> <!-- logintest -->
      </class> <!-- AppiumCRMpoc.AppiumCRMpocAI.Login_tc -->
    </test> <!-- LoginTest -->
  </suite> <!-- Smoke -->
</testng-results>
