<?xml version="1.0" encoding="UTF-8"?>
<testsuite xmlns:xsi="http://www.w3.org/2001/XMLSchema-instance" xsi:noNamespaceSchemaLocation="https://maven.apache.org/surefire/maven-surefire-plugin/xsd/surefire-test-report-3.0.xsd" version="3.0" name="TestSuite" time="137.112" tests="3" errors="0" skipped="0" failures="1">
  <properties>
[...]
</properties>
  <testcase name="logintest" classname="AppiumCRMpoc.AppiumCRMpocAI.Login_tc" time="66.391">
    <failure message="An element could not be located on the page using the given search parameters.&#10;For documentation on this error, please visit: https://www.seleniumhq.org/exceptions/no_such_element.html&#10;Build info: version: &apos;3.141.59&apos;, revision: &apos;e82be7d358&apos;, time: &apos;2018-11-14T08:17:03&apos;&#10;System info: host: &apos;DESKTOP-G81NK99&apos;, ip: &apos;192.168.0.111&apos;, os.name: &apos;Windows 10&apos;, os.arch: &apos;amd64&apos;, os.version: &apos;10.0&apos;, java.version: &apos;1.8.0_181&apos;&#10;Driver info: io.appium.java_client.android.AndroidDriver&#10;Capabilities {app: C:\Users\Akash Sharma\Deskt..., appActivity: .qr.QrScannerActivity t50, appPackage: com.crmnextmobile.crmnextof..., automationName: APPIUM, databaseEnabled: false, desired: {app: C:\Users\Akash Sharma\Deskt..., appActivity: .qr.QrScannerActivity t50, appPackage: com.crmnextmobile.crmnextof..., automationName: APPIUM, deviceName: PVLBTCAE4L5SSGM7, newCommandTimeout: 120, noReset: true, platformName: android, platformVersion: 11.0}, deviceApiLevel: 30, deviceManufacturer: realme, deviceModel: RMX3171, deviceName: PVLBTCAE4L5SSGM7, deviceScreenDensity: 320, deviceScreenSize: 720x1600, deviceUDID: PVLBTCAE4L5SSGM7, javascriptEnabled: true, locationContextEnabled: false, networkConnectionEnabled: true, newCommandTimeout: 120, noReset: true, pixelRatio: 2, platform: LINUX, platformName: Android, platformVersion: 11, statBarHeight: 64, takesScreenshot: true, viewportRect: {height: 1384, left: 0, top: 64, width: 720}, warnings: {}, webStorageEnabled: false}&#10;Session ID: de968a0e-0fdc-4a9e-bdc5-84d072e07abc&#10;*** Element info: {Using=xpath, value=//*[@text=&apos;While using the app&apos;]}" type="org.openqa.selenium.NoSuchElementException"><![CDATA[org.openqa.selenium.NoSuchElementException: 
An element could not be located on the page using the given search parameters.
For documentation on this error, please visit: https://www.seleniumhq.org/exceptions/no_such_element.html
Build info: version: '3.141.59', revision: 'e82be7d358', time: '2018-11-14T08:17:03'
System info: host: 'DESKTOP-G81NK99', ip: '192.168.0.111', os.name: 'Windows 10', os.arch: 'amd64', os.version: '10.0', java.version: '1.8.0_181'
Driver info: io.appium.java_client.android.AndroidDriver
Capabilities {app: C:\Users\Akash Sharma\Deskt..., appActivity: .qr.QrScannerActivity t50, appPackage: com.crmnextmobile.crmnextof..., automationName: APPIUM, databaseEnabled: false, desired: {app: C:\Users\Akash Sharma\Deskt..., appActivity: .qr.QrScannerActivity t50, appPackage: com.crmnextmobile.crmnextof..., automationName: APPIUM, deviceName: PVLBTCAE4L5SSGM7, newCommandTimeout: 120, noReset: true, platformName: android, platformVersion: 11.0}, deviceApiLevel: 30, deviceManufacturer: realme, deviceModel: RMX3171, deviceName: PVLBTCAE4L5SSGM7, deviceScreenDensity: 320, deviceScreenSize: 720x1600, deviceUDID: PVLBTCAE4L5SSGM7, javascriptEnabled: true, locationContextEnabled: false, networkConnectionEnabled: true, newCommandTimeout: 120, noReset: true, pixelRatio: 2, platform: LINUX, platformName: Android, platformVersion: 11, statBarHeight: 64, takesScreenshot: true, viewportRect: {height: 1384, left: 0, top: 64, width: 720}, warnings: {}, webStorageEnabled: false}
Session ID: de968a0e-0fdc-4a9e-bdc5-84d072e07abc
*** Element info: {Using=xpath, value=//*[@text='While using the app']}
	at AppiumCRMpoc.AppiumCRMpocAI.Login_tc.logintest(Login_tc.java:25)
]]></failure>
    <system-out><![CDATA[&amp#27;[35m[Appium]&amp#27;[39m Welcome to Appium v1.21.0
&amp#27;[35m[Appium]&amp#27;[39m Appium REST http interface listener started on 0.0.0.0:4723
&amp#27;[35m[HTTP]&amp#27;[39m &amp#27;[37m-->&amp#27;[39m &amp#27;[37mGET&amp#27;[39m &amp#27;[37m/wd/hub/status&amp#27;[39m
&amp#27;[35m[HTTP]&amp#27;[39m &amp#27;[90m{}&amp#27;[39m
[debug] &amp#27;[35m[GENERIC]&amp#27;[39m Calling AppiumDriver.getStatus() with args: []
[debug] &amp#27;[35m[GENERIC]&amp#27;[39m Responding to client with driver.getStatus() result: {"build":{"version":"1.21.0"}}
&amp#27;[35m[HTTP]&amp#27;[39m &amp#27;[37m<-- GET /wd/hub/status &amp#27;[39m&amp#27;[32m200&amp#27;[39m &amp#27;[90m50 ms - 68&amp#27;[39m
&amp#27;[35m[HTTP]&amp#27;[39m &amp#27;[90m&amp#27;[39m
[debug] &amp#27;[35m[HTTP]&amp#27;[39m Request idempotency key: ca6db9f1-ea48-48ae-9b95-55e2daed0b7e
&amp#27;[35m[HTTP]&amp#27;[39m &amp#27;[37m-->&amp#27;[39m &amp#27;[37mPOST&amp#27;[39m &amp#27;[37m/wd/hub/session&amp#27;[39m
&amp#27;[35m[HTTP]&amp#27;[39m &amp#27;[90m{"desiredCapabilities":{"app":"C:\\Users\\Akash Sharma\\Desktop\\selenium\\eclipse-jee-mars-2-win32-x86_64\\eclipse\\AppiumCRMpocAI\\src\\CRMNextNative5.75.0-Gold7-release.apk","appActivity":".qr.QrScannerActivity t50","appPackage":"com.crmnextmobile.crmnextofflineplay","noReset":true,"newCommandTimeout":"120","platformVersion":"11.0","automationName":"APPIUM","platformName":"Android","deviceName":"PVLBTCAE4L5SSGM7"},"capabilities":{"firstMatch":[{"appium:app":"C:\\Users\\Akash Sharma\\Desktop\\selenium\\eclipse-jee-mars-2-win32-x86_64\\eclipse\\AppiumCRMpocAI\\src\\CRMNextNative5.75.0-Gold7-release.apk","appium:appActivity":".qr.QrScannerActivity t50","appium:appPackage":"com.crmnextmobile.crmnextofflineplay","appium:automationName":"APPIUM","appium:deviceName":"PVLBTCAE4L5SSGM7","appium:newCommandTimeout":"120","appium:noReset":true,"platformName":"android","appium:platformVersion":"11.0"}]}}&amp#27;[39m
[debug] &amp#27;[35m[W3C]&amp#27;[39m Calling AppiumDriver.createSession() with args: [{"app":"C:\\Users\\Akash Sharma\\Desktop\\selenium\\eclipse-jee-mars-2-win32-x86_64\\eclipse\\AppiumCRMpocAI\\src\\CRMNextNative5.75.0-Gold7-release.apk","appActivity":".qr.QrScannerActivity t50","appPackage":"com.crmnextmobile.crmnextofflineplay","noReset":true,"newCommandTimeout":"120","platformVersion":"11.0","automationName":"APPIUM","platformName":"Android","deviceName":"PVLBTCAE4L5SSGM7"},null,{"firstMatch":[{"appium:app":"C:\\Users\\Akash Sharma\\Desktop\\selenium\\eclipse-jee-mars-2-win32-x86_64\\eclipse\\AppiumCRMpocAI\\src\\CRMNextNative5.75.0-Gold7-release.apk","appium:appActivity":".qr.QrScannerActivity t50","appium:appPackage":"com.crmnextmobile.crmnextofflineplay","appium:automationName":"APPIUM","appium:deviceName":"PVLBTCAE4L5SSGM7","appium:newCommandTimeout":"120","appium:noReset":true,"platformName":"android","appium:platformVersion":"11.0"}]}]
[debug] &amp#27;[35m[BaseDriver]&amp#27;[39m Event 'newSessionRequested' logged at 1632650010987 (15:23:30 GMT+0530 (India Standard Time))
&amp#27;[35m[BaseDriver]&amp#27;[39m Number capability passed in as string. Functionality may be compromised.
&amp#27;[35m[Appium]&amp#27;[39m 
&amp#27;[35m[Appium]&amp#27;[39m ======================================================================
&amp#27;[35m[Appium]&amp#27;[39m   DEPRECATION WARNING:
&amp#27;[35m[Appium]&amp#27;[39m 
&amp#27;[35m[Appium]&amp#27;[39m   The 'automationName' capability was not provided in the desired 
&amp#27;[35m[Appium]&amp#27;[39m   capabilities for this Android session
&amp#27;[35m[Appium]&amp#27;[39m 
&amp#27;[35m[Appium]&amp#27;[39m   Setting 'automationName=UiAutomator2' by default and using the 
&amp#27;[35m[Appium]&amp#27;[39m   UiAutomator2 Driver
&amp#27;[35m[Appium]&amp#27;[39m 
&amp#27;[35m[Appium]&amp#27;[39m   The next major version of Appium (2.x) will **require** the 
&amp#27;[35m[Appium]&amp#27;[39m   'automationName' capability to be set for all sessions on all 
&amp#27;[35m[Appium]&amp#27;[39m   platforms
&amp#27;[35m[Appium]&amp#27;[39m 
&amp#27;[35m[Appium]&amp#27;[39m   In previous versions (Appium <= 1.13.x), the default was 
&amp#27;[35m[Appium]&amp#27;[39m   'automationName=UiAutomator1'
&amp#27;[35m[Appium]&amp#27;[39m 
&amp#27;[35m[Appium]&amp#27;[39m   If you wish to use that automation instead of UiAutomator2, please 
&amp#27;[35m[Appium]&amp#27;[39m   add 'automationName=UiAutomator1' to your desired capabilities
&amp#27;[35m[Appium]&amp#27;[39m 
&amp#27;[35m[Appium]&amp#27;[39m   For more information about drivers, please visit 
&amp#27;[35m[Appium]&amp#27;[39m   http://appium.io/docs/en/about-appium/intro/ and explore the 
&amp#27;[35m[Appium]&amp#27;[39m   'Drivers' menu
&amp#27;[35m[Appium]&amp#27;[39m 
&amp#27;[35m[Appium]&amp#27;[39m ======================================================================
&amp#27;[35m[Appium]&amp#27;[39m 
&amp#27;[35m[Appium]&amp#27;[39m Appium v1.21.0 creating new AndroidUiautomator2Driver (v1.65.0) session
[debug] &amp#27;[35m[BaseDriver]&amp#27;[39m W3C capabilities and MJSONWP desired capabilities were provided
[debug] &amp#27;[35m[BaseDriver]&amp#27;[39m Creating session with W3C capabilities: {
[debug] &amp#27;[35m[BaseDriver]&amp#27;[39m   "alwaysMatch": {
[debug] &amp#27;[35m[BaseDriver]&amp#27;[39m     "platformName": "android",
[debug] &amp#27;[35m[BaseDriver]&amp#27;[39m     "appium:app": "C:\\Users\\Akash Sharma\\Desktop\\selenium\\eclipse-jee-mars-2-win32-x86_64\\eclipse\\AppiumCRMpocAI\\src\\CRMNextNative5.75.0-Gold7-release.apk",
[debug] &amp#27;[35m[BaseDriver]&amp#27;[39m     "appium:appActivity": ".qr.QrScannerActivity t50",
[debug] &amp#27;[35m[BaseDriver]&amp#27;[39m     "appium:appPackage": "com.crmnextmobile.crmnextofflineplay",
[debug] &amp#27;[35m[BaseDriver]&amp#27;[39m     "appium:automationName": "APPIUM",
[debug] &amp#27;[35m[BaseDriver]&amp#27;[39m     "appium:deviceName": "PVLBTCAE4L5SSGM7",
[debug] &amp#27;[35m[BaseDriver]&amp#27;[39m     "appium:newCommandTimeout": "120",
[debug] &amp#27;[35m[BaseDriver]&amp#27;[39m     "appium:noReset": true,
[debug] &amp#27;[35m[BaseDriver]&amp#27;[39m     "appium:platformVersion": "11.0"
[debug] &amp#27;[35m[BaseDriver]&amp#27;[39m   },
[debug] &amp#27;[35m[BaseDriver]&amp#27;[39m   "firstMatch": [
[debug] &amp#27;[35m[BaseDriver]&amp#27;[39m     {}
[debug] &amp#27;[35m[BaseDriver]&amp#27;[39m   ]
[debug] &amp#27;[35m[BaseDriver]&amp#27;[39m }
&amp#27;[35m[BaseDriver]&amp#27;[39m Number capability passed in as string. Functionality may be compromised.
&amp#27;[35m[BaseDriver]&amp#27;[39m Capability 'newCommandTimeout' changed from string ('120') to integer (120). This may cause unexpected behavior
&amp#27;[35m[BaseDriver]&amp#27;[39m Session created with session id: de968a0e-0fdc-4a9e-bdc5-84d072e07abc
&amp#27;[35m[BaseDriver]&amp#27;[39m Using local app 'C:\Users\Akash Sharma\Desktop\selenium\eclipse-jee-mars-2-win32-x86_64\eclipse\AppiumCRMpocAI\src\CRMNextNative5.75.0-Gold7-release.apk'
[debug] &amp#27;[35m[UiAutomator2]&amp#27;[39m Checking whether app is actually present
&amp#27;[35m[ADB]&amp#27;[39m Found 1 'build-tools' folders under 'C:\Users\Akash Sharma\AppData\Local\Android\Sdk' (newest first):
&amp#27;[35m[ADB]&amp#27;[39m     C:/Users/Akash Sharma/AppData/Local/Android/Sdk/build-tools/30.0.3
&amp#27;[35m[ADB]&amp#27;[39m Using 'adb.exe' from 'C:\Users\Akash Sharma\AppData\Local\Android\Sdk\platform-tools\adb.exe'
[debug] &amp#27;[35m[ADB]&amp#27;[39m Running 'C:\Users\Akash Sharma\AppData\Local\Android\Sdk\platform-tools\adb.exe -P 5037 start-server'
&amp#27;[35m[AndroidDriver]&amp#27;[39m Retrieving device list
[debug] &amp#27;[35m[ADB]&amp#27;[39m Trying to find a connected android device
[debug] &amp#27;[35m[ADB]&amp#27;[39m Getting connected devices
[debug] &amp#27;[35m[ADB]&amp#27;[39m Connected devices: [{"udid":"PVLBTCAE4L5SSGM7","state":"device"}]
&amp#27;[35m[AndroidDriver]&amp#27;[39m Looking for a device with Android '11.0.0'
[debug] &amp#27;[35m[ADB]&amp#27;[39m Setting device id to PVLBTCAE4L5SSGM7
&amp#27;[35m[ADB]&amp#27;[39m Getting device platform version
[debug] &amp#27;[35m[ADB]&amp#27;[39m Running 'C:\Users\Akash Sharma\AppData\Local\Android\Sdk\platform-tools\adb.exe -P 5037 -s PVLBTCAE4L5SSGM7 shell getprop ro.build.version.release'
[debug] &amp#27;[35m[ADB]&amp#27;[39m Current device property 'ro.build.version.release': 11
&amp#27;[35m[AndroidDriver]&amp#27;[39m Using device: PVLBTCAE4L5SSGM7
&amp#27;[35m[ADB]&amp#27;[39m Using 'adb.exe' from 'C:\Users\Akash Sharma\AppData\Local\Android\Sdk\platform-tools\adb.exe'
[debug] &amp#27;[35m[ADB]&amp#27;[39m Running 'C:\Users\Akash Sharma\AppData\Local\Android\Sdk\platform-tools\adb.exe -P 5037 start-server'
[debug] &amp#27;[35m[ADB]&amp#27;[39m Setting device id to PVLBTCAE4L5SSGM7
[debug] &amp#27;[35m[ADB]&amp#27;[39m Running 'C:\Users\Akash Sharma\AppData\Local\Android\Sdk\platform-tools\adb.exe -P 5037 -s PVLBTCAE4L5SSGM7 shell getprop ro.build.version.sdk'
[debug] &amp#27;[35m[ADB]&amp#27;[39m Current device property 'ro.build.version.sdk': 30
&amp#27;[35m[ADB]&amp#27;[39m Getting device platform version
[debug] &amp#27;[35m[ADB]&amp#27;[39m Running 'C:\Users\Akash Sharma\AppData\Local\Android\Sdk\platform-tools\adb.exe -P 5037 -s PVLBTCAE4L5SSGM7 shell getprop ro.build.version.release'
[debug] &amp#27;[35m[ADB]&amp#27;[39m Current device property 'ro.build.version.release': 11
[debug] &amp#27;[35m[ADB]&amp#27;[39m Device API level: 30
&amp#27;[35m[UiAutomator2]&amp#27;[39m Relaxing hidden api policy
[debug] &amp#27;[35m[ADB]&amp#27;[39m Running 'C:\Users\Akash Sharma\AppData\Local\Android\Sdk\platform-tools\adb.exe -P 5037 -s PVLBTCAE4L5SSGM7 shell 'settings put global hidden_api_policy_pre_p_apps 1;settings put global hidden_api_policy_p_apps 1;settings put global hidden_api_policy 1''
&amp#27;[35m[AndroidDriver]&amp#27;[39m Capability 'appActivity' is expected to only include latin letters, digits, underscore, dot, comma and asterisk characters.
&amp#27;[35m[AndroidDriver]&amp#27;[39m Current value '.qr.QrScannerActivity t50' has non-matching character at index 21: '.qr.QrScannerActivity '
[debug] &amp#27;[35m[ADB]&amp#27;[39m Running 'C:\Users\Akash Sharma\AppData\Local\Android\Sdk\platform-tools\adb.exe -P 5037 -s PVLBTCAE4L5SSGM7 wait-for-device'
[debug] &amp#27;[35m[ADB]&amp#27;[39m Running 'C:\Users\Akash Sharma\AppData\Local\Android\Sdk\platform-tools\adb.exe -P 5037 -s PVLBTCAE4L5SSGM7 shell echo ping'
[debug] &amp#27;[35m[AndroidDriver]&amp#27;[39m Pushing settings apk to device...
[debug] &amp#27;[35m[ADB]&amp#27;[39m Getting install status for io.appium.settings
[debug] &amp#27;[35m[ADB]&amp#27;[39m Running 'C:\Users\Akash Sharma\AppData\Local\Android\Sdk\platform-tools\adb.exe -P 5037 -s PVLBTCAE4L5SSGM7 shell dumpsys package io.appium.settings'
[debug] &amp#27;[35m[ADB]&amp#27;[39m 'io.appium.settings' is installed
[debug] &amp#27;[35m[ADB]&amp#27;[39m Getting package info for 'io.appium.settings'
[debug] &amp#27;[35m[ADB]&amp#27;[39m Running 'C:\Users\Akash Sharma\AppData\Local\Android\Sdk\platform-tools\adb.exe -P 5037 -s PVLBTCAE4L5SSGM7 shell dumpsys package io.appium.settings'
[debug] &amp#27;[35m[ADB]&amp#27;[39m The version name of the installed 'io.appium.settings' is greater or equal to the application version name ('3.3.0' >= '3.3.0')
[debug] &amp#27;[35m[ADB]&amp#27;[39m There is no need to install/upgrade 'C:\Users\Akash Sharma\AppData\Roaming\npm\node_modules\appium\node_modules\io.appium.settings\apks\settings_apk-debug.apk'
[debug] &amp#27;[35m[ADB]&amp#27;[39m Getting IDs of all 'io.appium.settings' processes
[debug] &amp#27;[35m[ADB]&amp#27;[39m Running 'C:\Users\Akash Sharma\AppData\Local\Android\Sdk\platform-tools\adb.exe -P 5037 -s PVLBTCAE4L5SSGM7 shell 'pgrep --help; echo $?''
[debug] &amp#27;[35m[ADB]&amp#27;[39m Running 'C:\Users\Akash Sharma\AppData\Local\Android\Sdk\platform-tools\adb.exe -P 5037 -s PVLBTCAE4L5SSGM7 shell pgrep -f \(\[\[:blank:\]\]\|\^\)io\.appium\.settings\(\[\[:blank:\]\]\|\$\)'
[debug] &amp#27;[35m[AndroidDriver]&amp#27;[39m io.appium.settings is already running. There is no need to reset its permissions.
[debug] &amp#27;[35m[ADB]&amp#27;[39m Running 'C:\Users\Akash Sharma\AppData\Local\Android\Sdk\platform-tools\adb.exe -P 5037 -s PVLBTCAE4L5SSGM7 shell appops set io.appium.settings android:mock_location allow'
[debug] &amp#27;[35m[Logcat]&amp#27;[39m Starting logs capture with command: 'C:\\Users\\Akash Sharma\\AppData\\Local\\Android\\Sdk\\platform-tools\\adb.exe' -P 5037 -s PVLBTCAE4L5SSGM7 logcat -v threadtime
[debug] &amp#27;[35m[UiAutomator2]&amp#27;[39m Forwarding UiAutomator2 Server port 6790 to local port 8200
[debug] &amp#27;[35m[ADB]&amp#27;[39m Forwarding system: 8200 to device: 6790
[debug] &amp#27;[35m[ADB]&amp#27;[39m Running 'C:\Users\Akash Sharma\AppData\Local\Android\Sdk\platform-tools\adb.exe -P 5037 -s PVLBTCAE4L5SSGM7 forward tcp:8200 tcp:6790'
[debug] &amp#27;[35m[ADB]&amp#27;[39m Getting install status for io.appium.uiautomator2.server
[debug] &amp#27;[35m[ADB]&amp#27;[39m Running 'C:\Users\Akash Sharma\AppData\Local\Android\Sdk\platform-tools\adb.exe -P 5037 -s PVLBTCAE4L5SSGM7 shell dumpsys package io.appium.uiautomator2.server'
[debug] &amp#27;[35m[ADB]&amp#27;[39m 'io.appium.uiautomator2.server' is installed
[debug] &amp#27;[35m[ADB]&amp#27;[39m Getting package info for 'io.appium.uiautomator2.server'
[debug] &amp#27;[35m[ADB]&amp#27;[39m Running 'C:\Users\Akash Sharma\AppData\Local\Android\Sdk\platform-tools\adb.exe -P 5037 -s PVLBTCAE4L5SSGM7 shell dumpsys package io.appium.uiautomator2.server'
[debug] &amp#27;[35m[ADB]&amp#27;[39m The version name of the installed 'io.appium.uiautomator2.server' is greater or equal to the application version name ('4.21.1' >= '4.21.1')
[debug] &amp#27;[35m[UiAutomator2]&amp#27;[39m io.appium.uiautomator2.server installation state: sameVersionInstalled
[debug] &amp#27;[35m[ADB]&amp#27;[39m Checking app cert for C:\Users\Akash Sharma\AppData\Roaming\npm\node_modules\appium\node_modules\appium-uiautomator2-server\apks\appium-uiautomator2-server-v4.21.1.apk
&amp#27;[35m[ADB]&amp#27;[39m Using 'apksigner.jar' from 'C:\Users\Akash Sharma\AppData\Local\Android\Sdk\build-tools\30.0.3\lib\apksigner.jar'
[debug] &amp#27;[35m[ADB]&amp#27;[39m Starting apksigner: 'C:\\Program Files\\Java\\jdk1.8.0_181\\bin\\java.exe' -Xmx1024M -Xss1m -jar 'C:\\Users\\Akash Sharma\\AppData\\Local\\Android\\Sdk\\build-tools\\30.0.3\\lib\\apksigner.jar' verify --print-certs 'C:\\Users\\Akash Sharma\\AppData\\Roaming\\npm\\node_modules\\appium\\node_modules\\appium-uiautomator2-server\\apks\\appium-uiautomator2-server-v4.21.1.apk'
[debug] &amp#27;[35m[ADB]&amp#27;[39m apksigner stdout: Signer #1 certificate DN: EMAILADDRESS=android@android.com, CN=Android, OU=Android, O=Android, L=Mountain View, ST=California, C=US
[debug] &amp#27;[35m[ADB]&amp#27;[39m Signer #1 certificate SHA-256 digest: a40da80a59d170caa950cf15c18c454d47a39b26989d8b640ecd745ba71bf5dc
[debug] &amp#27;[35m[ADB]&amp#27;[39m Signer #1 certificate SHA-1 digest: 61ed377e85d386a8dfee6b864bd85b0bfaa5af81
[debug] &amp#27;[35m[ADB]&amp#27;[39m Signer #1 certificate MD5 digest: e89b158e4bcf988ebd09eb83f5378e87
[debug] &amp#27;[35m[ADB]&amp#27;[39m 
[debug] &amp#27;[35m[ADB]&amp#27;[39m sha256 hash did match for 'appium-uiautomator2-server-v4.21.1.apk'
&amp#27;[35m[ADB]&amp#27;[39m 'C:\Users\Akash Sharma\AppData\Roaming\npm\node_modules\appium\node_modules\appium-uiautomator2-server\apks\appium-uiautomator2-server-v4.21.1.apk' is signed with the default certificate
[debug] &amp#27;[35m[ADB]&amp#27;[39m Getting install status for io.appium.uiautomator2.server.test
[debug] &amp#27;[35m[ADB]&amp#27;[39m Running 'C:\Users\Akash Sharma\AppData\Local\Android\Sdk\platform-tools\adb.exe -P 5037 -s PVLBTCAE4L5SSGM7 shell dumpsys package io.appium.uiautomator2.server.test'
[debug] &amp#27;[35m[ADB]&amp#27;[39m 'io.appium.uiautomator2.server.test' is installed
[debug] &amp#27;[35m[ADB]&amp#27;[39m Checking app cert for C:\Users\Akash Sharma\AppData\Roaming\npm\node_modules\appium\node_modules\appium-uiautomator2-server\apks\appium-uiautomator2-server-debug-androidTest.apk
[debug] &amp#27;[35m[ADB]&amp#27;[39m Starting apksigner: 'C:\\Program Files\\Java\\jdk1.8.0_181\\bin\\java.exe' -Xmx1024M -Xss1m -jar 'C:\\Users\\Akash Sharma\\AppData\\Local\\Android\\Sdk\\build-tools\\30.0.3\\lib\\apksigner.jar' verify --print-certs 'C:\\Users\\Akash Sharma\\AppData\\Roaming\\npm\\node_modules\\appium\\node_modules\\appium-uiautomator2-server\\apks\\appium-uiautomator2-server-debug-androidTest.apk'
[debug] &amp#27;[35m[ADB]&amp#27;[39m apksigner stdout: Signer #1 certificate DN: EMAILADDRESS=android@android.com, CN=Android, OU=Android, O=Android, L=Mountain View, ST=California, C=US
[debug] &amp#27;[35m[ADB]&amp#27;[39m Signer #1 certificate SHA-256 digest: a40da80a59d170caa950cf15c18c454d47a39b26989d8b640ecd745ba71bf5dc
[debug] &amp#27;[35m[ADB]&amp#27;[39m Signer #1 certificate SHA-1 digest: 61ed377e85d386a8dfee6b864bd85b0bfaa5af81
[debug] &amp#27;[35m[ADB]&amp#27;[39m Signer #1 certificate MD5 digest: e89b158e4bcf988ebd09eb83f5378e87
[debug] &amp#27;[35m[ADB]&amp#27;[39m 
[debug] &amp#27;[35m[ADB]&amp#27;[39m sha256 hash did match for 'appium-uiautomator2-server-debug-androidTest.apk'
&amp#27;[35m[ADB]&amp#27;[39m 'C:\Users\Akash Sharma\AppData\Roaming\npm\node_modules\appium\node_modules\appium-uiautomator2-server\apks\appium-uiautomator2-server-debug-androidTest.apk' is signed with the default certificate
&amp#27;[35m[UiAutomator2]&amp#27;[39m Server packages are not going to be (re)installed
[debug] &amp#27;[35m[UiAutomator2]&amp#27;[39m Waiting up to 30000ms for services to be available
[debug] &amp#27;[35m[ADB]&amp#27;[39m Running 'C:\Users\Akash Sharma\AppData\Local\Android\Sdk\platform-tools\adb.exe -P 5037 -s PVLBTCAE4L5SSGM7 shell pm list instrumentation'
[debug] &amp#27;[35m[UiAutomator2]&amp#27;[39m Instrumentation target 'io.appium.uiautomator2.server.test/androidx.test.runner.AndroidJUnitRunner' is available
&amp#27;[35m[ADB]&amp#27;[39m Adding packages ["io.appium.settings","io.appium.uiautomator2.server","io.appium.uiautomator2.server.test"] to Doze whitelist
[debug] &amp#27;[35m[ADB]&amp#27;[39m Got the following command chunks to execute: [["dumpsys","deviceidle","whitelist","+io.appium.settings",";","dumpsys","deviceidle","whitelist","+io.appium.uiautomator2.server",";","dumpsys","deviceidle","whitelist","+io.appium.uiautomator2.server.test",";"]]
[debug] &amp#27;[35m[ADB]&amp#27;[39m Running 'C:\Users\Akash Sharma\AppData\Local\Android\Sdk\platform-tools\adb.exe -P 5037 -s PVLBTCAE4L5SSGM7 shell dumpsys deviceidle whitelist +io.appium.settings ; dumpsys deviceidle whitelist +io.appium.uiautomator2.server ; dumpsys deviceidle whitelist +io.appium.uiautomator2.server.test ;'
[debug] &amp#27;[35m[ADB]&amp#27;[39m Checking app cert for C:\Users\Akash Sharma\Desktop\selenium\eclipse-jee-mars-2-win32-x86_64\eclipse\AppiumCRMpocAI\src\CRMNextNative5.75.0-Gold7-release.apk
[debug] &amp#27;[35m[ADB]&amp#27;[39m Starting apksigner: 'C:\\Program Files\\Java\\jdk1.8.0_181\\bin\\java.exe' -Xmx1024M -Xss1m -jar 'C:\\Users\\Akash Sharma\\AppData\\Local\\Android\\Sdk\\build-tools\\30.0.3\\lib\\apksigner.jar' verify --print-certs 'C:\\Users\\Akash Sharma\\Desktop\\selenium\\eclipse-jee-mars-2-win32-x86_64\\eclipse\\AppiumCRMpocAI\\src\\CRMNextNative5.75.0-Gold7-release.apk'
[debug] &amp#27;[35m[ADB]&amp#27;[39m apksigner stdout: Signer #1 certificate DN: CN=Acidaes Solutions Pvt.Ltd., OU=Acidaes Solutions Pvt.Ltd., O=Acidaes Solutions Pvt.Ltd., L=Noida, ST=Uttar Pradesh, C=91
[debug] &amp#27;[35m[ADB]&amp#27;[39m Signer #1 certificate SHA-256 digest: 1b5b28e9495aee7e7f65516fdcd33e9c92c58131e8997f2eab924f8a83a7b22d
[debug] &amp#27;[35m[ADB]&amp#27;[39m Signer #1 certificate SHA-1 digest: 83c7e9d2f980c36b1649fa86fc18d5d526391612
[debug] &amp#27;[35m[ADB]&amp#27;[39m Signer #1 certificate MD5 digest: c3fb4dcecfe26af9175caef538f5ac0e
[debug] &amp#27;[35m[ADB]&amp#27;[39m 
&amp#27;[35m[ADB]&amp#27;[39m 'C:\Users\Akash Sharma\Desktop\selenium\eclipse-jee-mars-2-win32-x86_64\eclipse\AppiumCRMpocAI\src\CRMNextNative5.75.0-Gold7-release.apk' is signed with a non-default certificate
[debug] &amp#27;[35m[ADB]&amp#27;[39m Getting install status for com.crmnextmobile.crmnextofflineplay
[debug] &amp#27;[35m[ADB]&amp#27;[39m Running 'C:\Users\Akash Sharma\AppData\Local\Android\Sdk\platform-tools\adb.exe -P 5037 -s PVLBTCAE4L5SSGM7 shell dumpsys package com.crmnextmobile.crmnextofflineplay'
[debug] &amp#27;[35m[ADB]&amp#27;[39m 'com.crmnextmobile.crmnextofflineplay' is installed
[debug] &amp#27;[35m[ADB]&amp#27;[39m Getting package info for 'com.crmnextmobile.crmnextofflineplay'
[debug] &amp#27;[35m[ADB]&amp#27;[39m Running 'C:\Users\Akash Sharma\AppData\Local\Android\Sdk\platform-tools\adb.exe -P 5037 -s PVLBTCAE4L5SSGM7 shell dumpsys package com.crmnextmobile.crmnextofflineplay'
[debug] &amp#27;[35m[ADB]&amp#27;[39m The version name of the installed 'com.crmnextmobile.crmnextofflineplay' is greater or equal to the application version name ('5.75.0' >= '5.75.0')
[debug] &amp#27;[35m[ADB]&amp#27;[39m There is no need to install/upgrade 'C:\Users\Akash Sharma\Desktop\selenium\eclipse-jee-mars-2-win32-x86_64\eclipse\AppiumCRMpocAI\src\CRMNextNative5.75.0-Gold7-release.apk'
[debug] &amp#27;[35m[UiAutomator2]&amp#27;[39m Performing shallow cleanup of automation leftovers
[debug] &amp#27;[35m[UiAutomator2]&amp#27;[39m No obsolete sessions have been detected (socket hang up)
[debug] &amp#27;[35m[ADB]&amp#27;[39m Running 'C:\Users\Akash Sharma\AppData\Local\Android\Sdk\platform-tools\adb.exe -P 5037 -s PVLBTCAE4L5SSGM7 shell am force-stop io.appium.uiautomator2.server.test'
&amp#27;[35m[UiAutomator2]&amp#27;[39m Starting UIAutomator2 server 4.21.1
&amp#27;[35m[UiAutomator2]&amp#27;[39m Using UIAutomator2 server from 'C:\Users\Akash Sharma\AppData\Roaming\npm\node_modules\appium\node_modules\appium-uiautomator2-server\apks\appium-uiautomator2-server-v4.21.1.apk' and test from 'C:\Users\Akash Sharma\AppData\Roaming\npm\node_modules\appium\node_modules\appium-uiautomator2-server\apks\appium-uiautomator2-server-debug-androidTest.apk'
&amp#27;[35m[UiAutomator2]&amp#27;[39m Waiting up to 30000ms for UiAutomator2 to be online...
[debug] &amp#27;[35m[ADB]&amp#27;[39m Creating ADB subprocess with args: ["-P",5037,"-s","PVLBTCAE4L5SSGM7","shell","am","instrument","-w","-e","disableAnalytics",true,"io.appium.uiautomator2.server.test/androidx.test.runner.AndroidJUnitRunner"]
[debug] &amp#27;[35m[WD Proxy]&amp#27;[39m Matched '/status' to command name 'getStatus'
[debug] &amp#27;[35m[WD Proxy]&amp#27;[39m Proxying [GET /status] to [GET http://127.0.0.1:8200/wd/hub/status] with no body
&amp#27;[35m[WD Proxy]&amp#27;[39m socket hang up
[debug] &amp#27;[35m[WD Proxy]&amp#27;[39m Matched '/status' to command name 'getStatus'
[debug] &amp#27;[35m[WD Proxy]&amp#27;[39m Proxying [GET /status] to [GET http://127.0.0.1:8200/wd/hub/status] with no body
&amp#27;[35m[WD Proxy]&amp#27;[39m socket hang up
[debug] &amp#27;[35m[Instrumentation]&amp#27;[39m io.appium.uiautomator2.server.test.AppiumUiAutomator2Server:
[debug] &amp#27;[35m[WD Proxy]&amp#27;[39m Matched '/status' to command name 'getStatus'
[debug] &amp#27;[35m[WD Proxy]&amp#27;[39m Proxying [GET /status] to [GET http://127.0.0.1:8200/wd/hub/status] with no body
&amp#27;[35m[WD Proxy]&amp#27;[39m socket hang up
[debug] &amp#27;[35m[WD Proxy]&amp#27;[39m Matched '/status' to command name 'getStatus'
[debug] &amp#27;[35m[WD Proxy]&amp#27;[39m Proxying [GET /status] to [GET http://127.0.0.1:8200/wd/hub/status] with no body
&amp#27;[35m[WD Proxy]&amp#27;[39m socket hang up
[debug] &amp#27;[35m[WD Proxy]&amp#27;[39m Matched '/status' to command name 'getStatus'
[debug] &amp#27;[35m[WD Proxy]&amp#27;[39m Proxying [GET /status] to [GET http://127.0.0.1:8200/wd/hub/status] with no body
[debug] &amp#27;[35m[WD Proxy]&amp#27;[39m Got response with status 200: {"sessionId":"None","value":{"message":"UiAutomator2 Server is ready to accept commands","ready":true}}
[debug] &amp#27;[35m[UiAutomator2]&amp#27;[39m The initialization of the instrumentation process took 4367ms
[debug] &amp#27;[35m[WD Proxy]&amp#27;[39m Matched '/session' to command name 'createSession'
[debug] &amp#27;[35m[WD Proxy]&amp#27;[39m Proxying [POST /session] to [POST http://127.0.0.1:8200/wd/hub/session] with body: {"capabilities":{"firstMatch":[{"platform":"LINUX","webStorageEnabled":false,"takesScreenshot":true,"javascriptEnabled":true,"databaseEnabled":false,"networkConnectionEnabled":true,"locationContextEnabled":false,"warnings":{},"desired":{"platformName":"android","app":"C:\\Users\\Akash Sharma\\Desktop\\selenium\\eclipse-jee-mars-2-win32-x86_64\\eclipse\\AppiumCRMpocAI\\src\\CRMNextNative5.75.0-Gold7-release.apk","appActivity":".qr.QrScannerActivity t50","appPackage":"com.crmnextmobile.crmnextofflineplay","automationName":"APPIUM","deviceName":"PVLBTCAE4L5SSGM7","newCommandTimeout":120,"noReset":true,"platformVersion":"11.0"},"platformName":"android","app":"C:\\Users\\Akash Sharma\\Desktop\\selenium\\eclipse-jee-mars-2-win32-x86_64\\eclipse\\AppiumCRMpocAI\\src\\CRMNextNative5.75.0-Gold7-release.apk","appActivity":".qr.QrScannerActivity t50","appPackage":"com.crmnextmobile.crmnextofflineplay","automationName":"APPIUM","deviceName":"PVLBTCAE4L5SSGM7","newCommandTimeout":120,"noReset":true,"platformVersion":"1...
[debug] &amp#27;[35m[WD Proxy]&amp#27;[39m Got response with status 200: {"sessionId":"3becf83d-a037-4222-a77c-17b5c8827aa5","value":{"capabilities":{"firstMatch":[{"platform":"LINUX","webStorageEnabled":false,"takesScreenshot":true,"javascriptEnabled":true,"databaseEnabled":false,"networkConnectionEnabled":true,"locationContextEnabled":false,"warnings":{},"desired":{"platformName":"android","app":"C:\\Users\\Akash Sharma\\Desktop\\selenium\\eclipse-jee-mars-2-win32-x86_64\\eclipse\\AppiumCRMpocAI\\src\\CRMNextNative5.75.0-Gold7-release.apk","appActivity":".qr.QrScannerActivity t50","appPackage":"com.crmnextmobile.crmnextofflineplay","automationName":"APPIUM","deviceName":"PVLBTCAE4L5SSGM7","newCommandTimeout":120,"noReset":true,"platformVersion":"11.0"},"platformName":"android","app":"C:\\Users\\Akash Sharma\\Desktop\\selenium\\eclipse-jee-mars-2-win32-x86_64\\eclipse\\AppiumCRMpocAI\\src\\CRMNextNative5.75.0-Gold7-release.apk","appActivity":".qr.QrScannerActivity t50","appPackage":"com.crmnextmobile.crmnextofflineplay","automationName":"APPIUM","deviceName":"PVLBTCAE4L5SSGM7"...
&amp#27;[35m[WD Proxy]&amp#27;[39m Determined the downstream protocol as 'W3C'
[debug] &amp#27;[35m[WD Proxy]&amp#27;[39m Proxying [GET /appium/device/info] to [GET http://127.0.0.1:8200/wd/hub/session/3becf83d-a037-4222-a77c-17b5c8827aa5/appium/device/info] with no body
[debug] &amp#27;[35m[WD Proxy]&amp#27;[39m Got response with status 200: {"sessionId":"3becf83d-a037-4222-a77c-17b5c8827aa5","value":{"androidId":"dbdcf2ef05507201","apiVersion":"30","bluetooth":{"state":"OFF"},"brand":"realme","carrierName":"IND airtel","displayDensity":320,"locale":"en_US","manufacturer":"realme","model":"RMX3171","networks":[{"capabilities":{"SSID":null,"linkDownBandwidthKbps":30000,"linkUpstreamBandwidthKbps":15000,"networkCapabilities":"NET_CAPABILITY_IMS,NET_CAPABILITY_NOT_METERED,NET_CAPABILITY_TRUSTED,NET_CAPABILITY_NOT_VPN,NET_CAPABILITY_VALIDATED,NET_CAPABILITY_NOT_ROAMING,NET_CAPABILITY_FOREGROUND,NET_CAPABILITY_NOT_CONGESTED,NET_CAPABILITY_NOT_SUSPENDED","signalStrength":-2147483648,"transportTypes":"TRANSPORT_CELLULAR"},"detailedState":"CONNECTED","extraInfo":"ims","isAvailable":true,"isConnected":true,"isFailover":false,"isRoaming":false,"state":"CONNECTED","subtype":13,"subtypeName":"LTE","type":0,"typeName":"MOBILE"},{"capabilities":{"SSID":null,"linkDownBandwidthKbps":30000,"linkUpstreamBandwidthKbps":15000,"networkCapabilities":"NET_CAPABILITY...
[debug] &amp#27;[35m[ADB]&amp#27;[39m Running 'C:\Users\Akash Sharma\AppData\Local\Android\Sdk\platform-tools\adb.exe -P 5037 -s PVLBTCAE4L5SSGM7 shell dumpsys window'
&amp#27;[35m[AndroidDriver]&amp#27;[39m Screen already unlocked, doing nothing
&amp#27;[35m[UiAutomator2]&amp#27;[39m Starting 'com.crmnextmobile.crmnextofflineplay/.qr.QrScannerActivity t50 and waiting for 'com.crmnextmobile.crmnextofflineplay/.qr.QrScannerActivity t50'
[debug] &amp#27;[35m[ADB]&amp#27;[39m Running 'C:\Users\Akash Sharma\AppData\Local\Android\Sdk\platform-tools\adb.exe -P 5037 -s PVLBTCAE4L5SSGM7 shell am start -W -n 'com.crmnextmobile.crmnextofflineplay/.qr.QrScannerActivity t50' -S -a android.intent.action.MAIN -c android.intent.category.LAUNCHER -f 0x10200000'
[debug] &amp#27;[35m[WD Proxy]&amp#27;[39m Proxying [GET /appium/device/pixel_ratio] to [GET http://127.0.0.1:8200/wd/hub/session/3becf83d-a037-4222-a77c-17b5c8827aa5/appium/device/pixel_ratio] with no body
[debug] &amp#27;[35m[WD Proxy]&amp#27;[39m Got response with status 200: {"sessionId":"3becf83d-a037-4222-a77c-17b5c8827aa5","value":2}
[debug] &amp#27;[35m[WD Proxy]&amp#27;[39m Matched '/appium/device/system_bars' to command name 'getSystemBars'
[debug] &amp#27;[35m[WD Proxy]&amp#27;[39m Proxying [GET /appium/device/system_bars] to [GET http://127.0.0.1:8200/wd/hub/session/3becf83d-a037-4222-a77c-17b5c8827aa5/appium/device/system_bars] with no body
[debug] &amp#27;[35m[WD Proxy]&amp#27;[39m Got response with status 200: {"sessionId":"3becf83d-a037-4222-a77c-17b5c8827aa5","value":{"statusBar":64}}
[debug] &amp#27;[35m[WD Proxy]&amp#27;[39m Matched '/window/current/size' to command name 'getWindowSize'
[debug] &amp#27;[35m[WD Proxy]&amp#27;[39m Proxying [GET /window/current/size] to [GET http://127.0.0.1:8200/wd/hub/session/3becf83d-a037-4222-a77c-17b5c8827aa5/window/current/size] with no body
[debug] &amp#27;[35m[WD Proxy]&amp#27;[39m Got response with status 200: {"sessionId":"3becf83d-a037-4222-a77c-17b5c8827aa5","value":{"height":1448,"width":720}}
&amp#27;[35m[Appium]&amp#27;[39m New AndroidUiautomator2Driver session created successfully, session de968a0e-0fdc-4a9e-bdc5-84d072e07abc added to master session list
[debug] &amp#27;[35m[BaseDriver]&amp#27;[39m Event 'newSessionStarted' logged at 1632650038354 (15:23:58 GMT+0530 (India Standard Time))
[debug] &amp#27;[35m[W3C (de968a0e)]&amp#27;[39m Cached the protocol value 'W3C' for the new session de968a0e-0fdc-4a9e-bdc5-84d072e07abc
[debug] &amp#27;[35m[W3C (de968a0e)]&amp#27;[39m Responding to client with driver.createSession() result: {"capabilities":{"platform":"LINUX","webStorageEnabled":false,"takesScreenshot":true,"javascriptEnabled":true,"databaseEnabled":false,"networkConnectionEnabled":true,"locationContextEnabled":false,"warnings":{},"desired":{"platformName":"android","app":"C:\\Users\\Akash Sharma\\Desktop\\selenium\\eclipse-jee-mars-2-win32-x86_64\\eclipse\\AppiumCRMpocAI\\src\\CRMNextNative5.75.0-Gold7-release.apk","appActivity":".qr.QrScannerActivity t50","appPackage":"com.crmnextmobile.crmnextofflineplay","automationName":"APPIUM","deviceName":"PVLBTCAE4L5SSGM7","newCommandTimeout":120,"noReset":true,"platformVersion":"11.0"},"platformName":"android","app":"C:\\Users\\Akash Sharma\\Desktop\\selenium\\eclipse-jee-mars-2-win32-x86_64\\eclipse\\AppiumCRMpocAI\\src\\CRMNextNative5.75.0-Gold7-release.apk","appActivity":".qr.QrScannerActivity t50","appPackage":"com.crmnextmobile.crmnextofflineplay","automationName":"APPIUM","deviceName":"PVLBTCAE4L5SSGM7","newCommandTimeout":120,"noReset":true,"platformVersion":"11","deviceUDID"...
&amp#27;[35m[HTTP]&amp#27;[39m &amp#27;[37m<-- POST /wd/hub/session &amp#27;[39m&amp#27;[32m200&amp#27;[39m &amp#27;[90m27386 ms - 1328&amp#27;[39m
&amp#27;[35m[HTTP]&amp#27;[39m &amp#27;[90m&amp#27;[39m
&amp#27;[35m[HTTP]&amp#27;[39m &amp#27;[37m-->&amp#27;[39m &amp#27;[37mPOST&amp#27;[39m &amp#27;[37m/wd/hub/session/de968a0e-0fdc-4a9e-bdc5-84d072e07abc/timeouts&amp#27;[39m
&amp#27;[35m[HTTP]&amp#27;[39m &amp#27;[90m{"implicit":10000}&amp#27;[39m
[debug] &amp#27;[35m[W3C (de968a0e)]&amp#27;[39m Calling AppiumDriver.timeouts() with args: [null,null,null,null,10000,"de968a0e-0fdc-4a9e-bdc5-84d072e07abc"]
[debug] &amp#27;[35m[BaseDriver]&amp#27;[39m W3C timeout argument: {"implicit":10000}}
[debug] &amp#27;[35m[BaseDriver]&amp#27;[39m Set implicit wait to 10000ms
[debug] &amp#27;[35m[W3C (de968a0e)]&amp#27;[39m Responding to client with driver.timeouts() result: null
&amp#27;[35m[HTTP]&amp#27;[39m &amp#27;[37m<-- POST /wd/hub/session/de968a0e-0fdc-4a9e-bdc5-84d072e07abc/timeouts &amp#27;[39m&amp#27;[32m200&amp#27;[39m &amp#27;[90m16 ms - 14&amp#27;[39m
&amp#27;[35m[HTTP]&amp#27;[39m &amp#27;[90m&amp#27;[39m
&amp#27;[35m[HTTP]&amp#27;[39m &amp#27;[37m-->&amp#27;[39m &amp#27;[37mPOST&amp#27;[39m &amp#27;[37m/wd/hub/session/de968a0e-0fdc-4a9e-bdc5-84d072e07abc/element&amp#27;[39m
&amp#27;[35m[HTTP]&amp#27;[39m &amp#27;[90m{"using":"xpath","value":"//*[@text='While using the app']"}&amp#27;[39m
[debug] &amp#27;[35m[W3C (de968a0e)]&amp#27;[39m Calling AppiumDriver.findElement() with args: ["xpath","//*[@text='While using the app']","de968a0e-0fdc-4a9e-bdc5-84d072e07abc"]
[debug] &amp#27;[35m[BaseDriver]&amp#27;[39m Valid locator strategies for this request: xpath, id, class name, accessibility id, css selector, -android uiautomator
[debug] &amp#27;[35m[BaseDriver]&amp#27;[39m Waiting up to 10000 ms for condition
[debug] &amp#27;[35m[WD Proxy]&amp#27;[39m Matched '/element' to command name 'findElement'
[debug] &amp#27;[35m[WD Proxy]&amp#27;[39m Proxying [POST /element] to [POST http://127.0.0.1:8200/wd/hub/session/3becf83d-a037-4222-a77c-17b5c8827aa5/element] with body: {"strategy":"xpath","selector":"//*[@text='While using the app']","context":"","multiple":false}
&amp#27;[35m[WD Proxy]&amp#27;[39m Got response with status 404: {"sessionId":"3becf83d-a037-4222-a77c-17b5c8827aa5","value":{"error":"no such element","message":"An element could not be located on the page using the given search parameters","stacktrace":"io.appium.uiautomator2.common.exceptions.ElementNotFoundException: An element could not be located on the page using the given search parameters\n\tat io.appium.uiautomator2.handler.FindElement.findElement(FindElement.java:89)\n\tat io.appium.uiautomator2.handler.FindElement.safeHandle(FindElement.java:66)\n\tat io.appium.uiautomator2.handler.request.SafeRequestHandler.handle(SafeRequestHandler.java:41)\n\tat io.appium.uiautomator2.server.AppiumServlet.handleRequest(AppiumServlet.java:262)\n\tat io.appium.uiautomator2.server.AppiumServlet.handleHttpRequest(AppiumServlet.java:256)\n\tat io.appium.uiautomator2.http.ServerHandler.channelRead(ServerHandler.java:68)\n\tat io.netty.channel.AbstractChannelHandlerContext.invokeChannelRead(AbstractChannelHandlerContext.java:366)\n\tat io.netty.channel.AbstractChannelHandlerCont...
[debug] &amp#27;[35m[W3C]&amp#27;[39m Matched W3C error code 'no such element' to NoSuchElementError
[debug] &amp#27;[35m[BaseDriver]&amp#27;[39m Waited for 221 ms so far
[debug] &amp#27;[35m[WD Proxy]&amp#27;[39m Matched '/element' to command name 'findElement'
[debug] &amp#27;[35m[WD Proxy]&amp#27;[39m Proxying [POST /element] to [POST http://127.0.0.1:8200/wd/hub/session/3becf83d-a037-4222-a77c-17b5c8827aa5/element] with body: {"strategy":"xpath","selector":"//*[@text='While using the app']","context":"","multiple":false}
&amp#27;[35m[WD Proxy]&amp#27;[39m Got response with status 404: {"sessionId":"3becf83d-a037-4222-a77c-17b5c8827aa5","value":{"error":"no such element","message":"An element could not be located on the page using the given search parameters","stacktrace":"io.appium.uiautomator2.common.exceptions.ElementNotFoundException: An element could not be located on the page using the given search parameters\n\tat io.appium.uiautomator2.handler.FindElement.findElement(FindElement.java:89)\n\tat io.appium.uiautomator2.handler.FindElement.safeHandle(FindElement.java:66)\n\tat io.appium.uiautomator2.handler.request.SafeRequestHandler.handle(SafeRequestHandler.java:41)\n\tat io.appium.uiautomator2.server.AppiumServlet.handleRequest(AppiumServlet.java:262)\n\tat io.appium.uiautomator2.server.AppiumServlet.handleHttpRequest(AppiumServlet.java:256)\n\tat io.appium.uiautomator2.http.ServerHandler.channelRead(ServerHandler.java:68)\n\tat io.netty.channel.AbstractChannelHandlerContext.invokeChannelRead(AbstractChannelHandlerContext.java:366)\n\tat io.netty.channel.AbstractChannelHandlerCont...
[debug] &amp#27;[35m[W3C]&amp#27;[39m Matched W3C error code 'no such element' to NoSuchElementError
[debug] &amp#27;[35m[BaseDriver]&amp#27;[39m Waited for 1239 ms so far
[debug] &amp#27;[35m[WD Proxy]&amp#27;[39m Matched '/element' to command name 'findElement'
[debug] &amp#27;[35m[WD Proxy]&amp#27;[39m Proxying [POST /element] to [POST http://127.0.0.1:8200/wd/hub/session/3becf83d-a037-4222-a77c-17b5c8827aa5/element] with body: {"strategy":"xpath","selector":"//*[@text='While using the app']","context":"","multiple":false}
&amp#27;[35m[WD Proxy]&amp#27;[39m Got response with status 404: {"sessionId":"3becf83d-a037-4222-a77c-17b5c8827aa5","value":{"error":"no such element","message":"An element could not be located on the page using the given search parameters","stacktrace":"io.appium.uiautomator2.common.exceptions.ElementNotFoundException: An element could not be located on the page using the given search parameters\n\tat io.appium.uiautomator2.handler.FindElement.findElement(FindElement.java:89)\n\tat io.appium.uiautomator2.handler.FindElement.safeHandle(FindElement.java:66)\n\tat io.appium.uiautomator2.handler.request.SafeRequestHandler.handle(SafeRequestHandler.java:41)\n\tat io.appium.uiautomator2.server.AppiumServlet.handleRequest(AppiumServlet.java:262)\n\tat io.appium.uiautomator2.server.AppiumServlet.handleHttpRequest(AppiumServlet.java:256)\n\tat io.appium.uiautomator2.http.ServerHandler.channelRead(ServerHandler.java:68)\n\tat io.netty.channel.AbstractChannelHandlerContext.invokeChannelRead(AbstractChannelHandlerContext.java:366)\n\tat io.netty.channel.AbstractChannelHandlerCont...
[debug] &amp#27;[35m[W3C]&amp#27;[39m Matched W3C error code 'no such element' to NoSuchElementError
[debug] &amp#27;[35m[BaseDriver]&amp#27;[39m Waited for 1835 ms so far
[debug] &amp#27;[35m[WD Proxy]&amp#27;[39m Matched '/element' to command name 'findElement'
[debug] &amp#27;[35m[WD Proxy]&amp#27;[39m Proxying [POST /element] to [POST http://127.0.0.1:8200/wd/hub/session/3becf83d-a037-4222-a77c-17b5c8827aa5/element] with body: {"strategy":"xpath","selector":"//*[@text='While using the app']","context":"","multiple":false}
&amp#27;[35m[WD Proxy]&amp#27;[39m Got response with status 404: {"sessionId":"3becf83d-a037-4222-a77c-17b5c8827aa5","value":{"error":"no such element","message":"An element could not be located on the page using the given search parameters","stacktrace":"io.appium.uiautomator2.common.exceptions.ElementNotFoundException: An element could not be located on the page using the given search parameters\n\tat io.appium.uiautomator2.handler.FindElement.findElement(FindElement.java:89)\n\tat io.appium.uiautomator2.handler.FindElement.safeHandle(FindElement.java:66)\n\tat io.appium.uiautomator2.handler.request.SafeRequestHandler.handle(SafeRequestHandler.java:41)\n\tat io.appium.uiautomator2.server.AppiumServlet.handleRequest(AppiumServlet.java:262)\n\tat io.appium.uiautomator2.server.AppiumServlet.handleHttpRequest(AppiumServlet.java:256)\n\tat io.appium.uiautomator2.http.ServerHandler.channelRead(ServerHandler.java:68)\n\tat io.netty.channel.AbstractChannelHandlerContext.invokeChannelRead(AbstractChannelHandlerContext.java:366)\n\tat io.netty.channel.AbstractChannelHandlerCont...
[debug] &amp#27;[35m[W3C]&amp#27;[39m Matched W3C error code 'no such element' to NoSuchElementError
[debug] &amp#27;[35m[BaseDriver]&amp#27;[39m Waited for 3187 ms so far
[debug] &amp#27;[35m[WD Proxy]&amp#27;[39m Matched '/element' to command name 'findElement'
[debug] &amp#27;[35m[WD Proxy]&amp#27;[39m Proxying [POST /element] to [POST http://127.0.0.1:8200/wd/hub/session/3becf83d-a037-4222-a77c-17b5c8827aa5/element] with body: {"strategy":"xpath","selector":"//*[@text='While using the app']","context":"","multiple":false}
&amp#27;[35m[WD Proxy]&amp#27;[39m Got response with status 404: {"sessionId":"3becf83d-a037-4222-a77c-17b5c8827aa5","value":{"error":"no such element","message":"An element could not be located on the page using the given search parameters","stacktrace":"io.appium.uiautomator2.common.exceptions.ElementNotFoundException: An element could not be located on the page using the given search parameters\n\tat io.appium.uiautomator2.handler.FindElement.findElement(FindElement.java:89)\n\tat io.appium.uiautomator2.handler.FindElement.safeHandle(FindElement.java:66)\n\tat io.appium.uiautomator2.handler.request.SafeRequestHandler.handle(SafeRequestHandler.java:41)\n\tat io.appium.uiautomator2.server.AppiumServlet.handleRequest(AppiumServlet.java:262)\n\tat io.appium.uiautomator2.server.AppiumServlet.handleHttpRequest(AppiumServlet.java:256)\n\tat io.appium.uiautomator2.http.ServerHandler.channelRead(ServerHandler.java:68)\n\tat io.netty.channel.AbstractChannelHandlerContext.invokeChannelRead(AbstractChannelHandlerContext.java:366)\n\tat io.netty.channel.AbstractChannelHandlerCont...
[debug] &amp#27;[35m[W3C]&amp#27;[39m Matched W3C error code 'no such element' to NoSuchElementError
[debug] &amp#27;[35m[BaseDriver]&amp#27;[39m Waited for 3852 ms so far
[debug] &amp#27;[35m[WD Proxy]&amp#27;[39m Matched '/element' to command name 'findElement'
[debug] &amp#27;[35m[WD Proxy]&amp#27;[39m Proxying [POST /element] to [POST http://127.0.0.1:8200/wd/hub/session/3becf83d-a037-4222-a77c-17b5c8827aa5/element] with body: {"strategy":"xpath","selector":"//*[@text='While using the app']","context":"","multiple":false}
&amp#27;[35m[WD Proxy]&amp#27;[39m Got response with status 404: {"sessionId":"3becf83d-a037-4222-a77c-17b5c8827aa5","value":{"error":"no such element","message":"An element could not be located on the page using the given search parameters","stacktrace":"io.appium.uiautomator2.common.exceptions.ElementNotFoundException: An element could not be located on the page using the given search parameters\n\tat io.appium.uiautomator2.handler.FindElement.findElement(FindElement.java:89)\n\tat io.appium.uiautomator2.handler.FindElement.safeHandle(FindElement.java:66)\n\tat io.appium.uiautomator2.handler.request.SafeRequestHandler.handle(SafeRequestHandler.java:41)\n\tat io.appium.uiautomator2.server.AppiumServlet.handleRequest(AppiumServlet.java:262)\n\tat io.appium.uiautomator2.server.AppiumServlet.handleHttpRequest(AppiumServlet.java:256)\n\tat io.appium.uiautomator2.http.ServerHandler.channelRead(ServerHandler.java:68)\n\tat io.netty.channel.AbstractChannelHandlerContext.invokeChannelRead(AbstractChannelHandlerContext.java:366)\n\tat io.netty.channel.AbstractChannelHandlerCont...
[debug] &amp#27;[35m[W3C]&amp#27;[39m Matched W3C error code 'no such element' to NoSuchElementError
[debug] &amp#27;[35m[BaseDriver]&amp#27;[39m Waited for 4564 ms so far
[debug] &amp#27;[35m[WD Proxy]&amp#27;[39m Matched '/element' to command name 'findElement'
[debug] &amp#27;[35m[WD Proxy]&amp#27;[39m Proxying [POST /element] to [POST http://127.0.0.1:8200/wd/hub/session/3becf83d-a037-4222-a77c-17b5c8827aa5/element] with body: {"strategy":"xpath","selector":"//*[@text='While using the app']","context":"","multiple":false}
&amp#27;[35m[WD Proxy]&amp#27;[39m Got response with status 404: {"sessionId":"3becf83d-a037-4222-a77c-17b5c8827aa5","value":{"error":"no such element","message":"An element could not be located on the page using the given search parameters","stacktrace":"io.appium.uiautomator2.common.exceptions.ElementNotFoundException: An element could not be located on the page using the given search parameters\n\tat io.appium.uiautomator2.handler.FindElement.findElement(FindElement.java:89)\n\tat io.appium.uiautomator2.handler.FindElement.safeHandle(FindElement.java:66)\n\tat io.appium.uiautomator2.handler.request.SafeRequestHandler.handle(SafeRequestHandler.java:41)\n\tat io.appium.uiautomator2.server.AppiumServlet.handleRequest(AppiumServlet.java:262)\n\tat io.appium.uiautomator2.server.AppiumServlet.handleHttpRequest(AppiumServlet.java:256)\n\tat io.appium.uiautomator2.http.ServerHandler.channelRead(ServerHandler.java:68)\n\tat io.netty.channel.AbstractChannelHandlerContext.invokeChannelRead(AbstractChannelHandlerContext.java:366)\n\tat io.netty.channel.AbstractChannelHandlerCont...
[debug] &amp#27;[35m[W3C]&amp#27;[39m Matched W3C error code 'no such element' to NoSuchElementError
[debug] &amp#27;[35m[BaseDriver]&amp#27;[39m Waited for 5192 ms so far
[debug] &amp#27;[35m[WD Proxy]&amp#27;[39m Matched '/element' to command name 'findElement'
[debug] &amp#27;[35m[WD Proxy]&amp#27;[39m Proxying [POST /element] to [POST http://127.0.0.1:8200/wd/hub/session/3becf83d-a037-4222-a77c-17b5c8827aa5/element] with body: {"strategy":"xpath","selector":"//*[@text='While using the app']","context":"","multiple":false}
&amp#27;[35m[WD Proxy]&amp#27;[39m Got response with status 404: {"sessionId":"3becf83d-a037-4222-a77c-17b5c8827aa5","value":{"error":"no such element","message":"An element could not be located on the page using the given search parameters","stacktrace":"io.appium.uiautomator2.common.exceptions.ElementNotFoundException: An element could not be located on the page using the given search parameters\n\tat io.appium.uiautomator2.handler.FindElement.findElement(FindElement.java:89)\n\tat io.appium.uiautomator2.handler.FindElement.safeHandle(FindElement.java:66)\n\tat io.appium.uiautomator2.handler.request.SafeRequestHandler.handle(SafeRequestHandler.java:41)\n\tat io.appium.uiautomator2.server.AppiumServlet.handleRequest(AppiumServlet.java:262)\n\tat io.appium.uiautomator2.server.AppiumServlet.handleHttpRequest(AppiumServlet.java:256)\n\tat io.appium.uiautomator2.http.ServerHandler.channelRead(ServerHandler.java:68)\n\tat io.netty.channel.AbstractChannelHandlerContext.invokeChannelRead(AbstractChannelHandlerContext.java:366)\n\tat io.netty.channel.AbstractChannelHandlerCont...
[debug] &amp#27;[35m[W3C]&amp#27;[39m Matched W3C error code 'no such element' to NoSuchElementError
[debug] &amp#27;[35m[BaseDriver]&amp#27;[39m Waited for 5807 ms so far
[debug] &amp#27;[35m[WD Proxy]&amp#27;[39m Matched '/element' to command name 'findElement'
[debug] &amp#27;[35m[WD Proxy]&amp#27;[39m Proxying [POST /element] to [POST http://127.0.0.1:8200/wd/hub/session/3becf83d-a037-4222-a77c-17b5c8827aa5/element] with body: {"strategy":"xpath","selector":"//*[@text='While using the app']","context":"","multiple":false}
&amp#27;[35m[WD Proxy]&amp#27;[39m Got response with status 404: {"sessionId":"3becf83d-a037-4222-a77c-17b5c8827aa5","value":{"error":"no such element","message":"An element could not be located on the page using the given search parameters","stacktrace":"io.appium.uiautomator2.common.exceptions.ElementNotFoundException: An element could not be located on the page using the given search parameters\n\tat io.appium.uiautomator2.handler.FindElement.findElement(FindElement.java:89)\n\tat io.appium.uiautomator2.handler.FindElement.safeHandle(FindElement.java:66)\n\tat io.appium.uiautomator2.handler.request.SafeRequestHandler.handle(SafeRequestHandler.java:41)\n\tat io.appium.uiautomator2.server.AppiumServlet.handleRequest(AppiumServlet.java:262)\n\tat io.appium.uiautomator2.server.AppiumServlet.handleHttpRequest(AppiumServlet.java:256)\n\tat io.appium.uiautomator2.http.ServerHandler.channelRead(ServerHandler.java:68)\n\tat io.netty.channel.AbstractChannelHandlerContext.invokeChannelRead(AbstractChannelHandlerContext.java:366)\n\tat io.netty.channel.AbstractChannelHandlerCont...
[debug] &amp#27;[35m[W3C]&amp#27;[39m Matched W3C error code 'no such element' to NoSuchElementError
[debug] &amp#27;[35m[BaseDriver]&amp#27;[39m Waited for 6399 ms so far
[debug] &amp#27;[35m[WD Proxy]&amp#27;[39m Matched '/element' to command name 'findElement'
[debug] &amp#27;[35m[WD Proxy]&amp#27;[39m Proxying [POST /element] to [POST http://127.0.0.1:8200/wd/hub/session/3becf83d-a037-4222-a77c-17b5c8827aa5/element] with body: {"strategy":"xpath","selector":"//*[@text='While using the app']","context":"","multiple":false}
&amp#27;[35m[WD Proxy]&amp#27;[39m Got response with status 404: {"sessionId":"3becf83d-a037-4222-a77c-17b5c8827aa5","value":{"error":"no such element","message":"An element could not be located on the page using the given search parameters","stacktrace":"io.appium.uiautomator2.common.exceptions.ElementNotFoundException: An element could not be located on the page using the given search parameters\n\tat io.appium.uiautomator2.handler.FindElement.findElement(FindElement.java:89)\n\tat io.appium.uiautomator2.handler.FindElement.safeHandle(FindElement.java:66)\n\tat io.appium.uiautomator2.handler.request.SafeRequestHandler.handle(SafeRequestHandler.java:41)\n\tat io.appium.uiautomator2.server.AppiumServlet.handleRequest(AppiumServlet.java:262)\n\tat io.appium.uiautomator2.server.AppiumServlet.handleHttpRequest(AppiumServlet.java:256)\n\tat io.appium.uiautomator2.http.ServerHandler.channelRead(ServerHandler.java:68)\n\tat io.netty.channel.AbstractChannelHandlerContext.invokeChannelRead(AbstractChannelHandlerContext.java:366)\n\tat io.netty.channel.AbstractChannelHandlerCont...
[debug] &amp#27;[35m[W3C]&amp#27;[39m Matched W3C error code 'no such element' to NoSuchElementError
[debug] &amp#27;[35m[BaseDriver]&amp#27;[39m Waited for 6989 ms so far
[debug] &amp#27;[35m[WD Proxy]&amp#27;[39m Matched '/element' to command name 'findElement'
[debug] &amp#27;[35m[WD Proxy]&amp#27;[39m Proxying [POST /element] to [POST http://127.0.0.1:8200/wd/hub/session/3becf83d-a037-4222-a77c-17b5c8827aa5/element] with body: {"strategy":"xpath","selector":"//*[@text='While using the app']","context":"","multiple":false}
&amp#27;[35m[WD Proxy]&amp#27;[39m Got response with status 404: {"sessionId":"3becf83d-a037-4222-a77c-17b5c8827aa5","value":{"error":"no such element","message":"An element could not be located on the page using the given search parameters","stacktrace":"io.appium.uiautomator2.common.exceptions.ElementNotFoundException: An element could not be located on the page using the given search parameters\n\tat io.appium.uiautomator2.handler.FindElement.findElement(FindElement.java:89)\n\tat io.appium.uiautomator2.handler.FindElement.safeHandle(FindElement.java:66)\n\tat io.appium.uiautomator2.handler.request.SafeRequestHandler.handle(SafeRequestHandler.java:41)\n\tat io.appium.uiautomator2.server.AppiumServlet.handleRequest(AppiumServlet.java:262)\n\tat io.appium.uiautomator2.server.AppiumServlet.handleHttpRequest(AppiumServlet.java:256)\n\tat io.appium.uiautomator2.http.ServerHandler.channelRead(ServerHandler.java:68)\n\tat io.netty.channel.AbstractChannelHandlerContext.invokeChannelRead(AbstractChannelHandlerContext.java:366)\n\tat io.netty.channel.AbstractChannelHandlerCont...
[debug] &amp#27;[35m[W3C]&amp#27;[39m Matched W3C error code 'no such element' to NoSuchElementError
[debug] &amp#27;[35m[BaseDriver]&amp#27;[39m Waited for 7579 ms so far
[debug] &amp#27;[35m[WD Proxy]&amp#27;[39m Matched '/element' to command name 'findElement'
[debug] &amp#27;[35m[WD Proxy]&amp#27;[39m Proxying [POST /element] to [POST http://127.0.0.1:8200/wd/hub/session/3becf83d-a037-4222-a77c-17b5c8827aa5/element] with body: {"strategy":"xpath","selector":"//*[@text='While using the app']","context":"","multiple":false}
&amp#27;[35m[WD Proxy]&amp#27;[39m Got response with status 404: {"sessionId":"3becf83d-a037-4222-a77c-17b5c8827aa5","value":{"error":"no such element","message":"An element could not be located on the page using the given search parameters","stacktrace":"io.appium.uiautomator2.common.exceptions.ElementNotFoundException: An element could not be located on the page using the given search parameters\n\tat io.appium.uiautomator2.handler.FindElement.findElement(FindElement.java:89)\n\tat io.appium.uiautomator2.handler.FindElement.safeHandle(FindElement.java:66)\n\tat io.appium.uiautomator2.handler.request.SafeRequestHandler.handle(SafeRequestHandler.java:41)\n\tat io.appium.uiautomator2.server.AppiumServlet.handleRequest(AppiumServlet.java:262)\n\tat io.appium.uiautomator2.server.AppiumServlet.handleHttpRequest(AppiumServlet.java:256)\n\tat io.appium.uiautomator2.http.ServerHandler.channelRead(ServerHandler.java:68)\n\tat io.netty.channel.AbstractChannelHandlerContext.invokeChannelRead(AbstractChannelHandlerContext.java:366)\n\tat io.netty.channel.AbstractChannelHandlerCont...
[debug] &amp#27;[35m[W3C]&amp#27;[39m Matched W3C error code 'no such element' to NoSuchElementError
[debug] &amp#27;[35m[BaseDriver]&amp#27;[39m Waited for 8217 ms so far
[debug] &amp#27;[35m[WD Proxy]&amp#27;[39m Matched '/element' to command name 'findElement'
[debug] &amp#27;[35m[WD Proxy]&amp#27;[39m Proxying [POST /element] to [POST http://127.0.0.1:8200/wd/hub/session/3becf83d-a037-4222-a77c-17b5c8827aa5/element] with body: {"strategy":"xpath","selector":"//*[@text='While using the app']","context":"","multiple":false}
&amp#27;[35m[WD Proxy]&amp#27;[39m Got response with status 404: {"sessionId":"3becf83d-a037-4222-a77c-17b5c8827aa5","value":{"error":"no such element","message":"An element could not be located on the page using the given search parameters","stacktrace":"io.appium.uiautomator2.common.exceptions.ElementNotFoundException: An element could not be located on the page using the given search parameters\n\tat io.appium.uiautomator2.handler.FindElement.findElement(FindElement.java:89)\n\tat io.appium.uiautomator2.handler.FindElement.safeHandle(FindElement.java:66)\n\tat io.appium.uiautomator2.handler.request.SafeRequestHandler.handle(SafeRequestHandler.java:41)\n\tat io.appium.uiautomator2.server.AppiumServlet.handleRequest(AppiumServlet.java:262)\n\tat io.appium.uiautomator2.server.AppiumServlet.handleHttpRequest(AppiumServlet.java:256)\n\tat io.appium.uiautomator2.http.ServerHandler.channelRead(ServerHandler.java:68)\n\tat io.netty.channel.AbstractChannelHandlerContext.invokeChannelRead(AbstractChannelHandlerContext.java:366)\n\tat io.netty.channel.AbstractChannelHandlerCont...
[debug] &amp#27;[35m[W3C]&amp#27;[39m Matched W3C error code 'no such element' to NoSuchElementError
[debug] &amp#27;[35m[BaseDriver]&amp#27;[39m Waited for 8850 ms so far
[debug] &amp#27;[35m[WD Proxy]&amp#27;[39m Matched '/element' to command name 'findElement'
[debug] &amp#27;[35m[WD Proxy]&amp#27;[39m Proxying [POST /element] to [POST http://127.0.0.1:8200/wd/hub/session/3becf83d-a037-4222-a77c-17b5c8827aa5/element] with body: {"strategy":"xpath","selector":"//*[@text='While using the app']","context":"","multiple":false}
&amp#27;[35m[WD Proxy]&amp#27;[39m Got response with status 404: {"sessionId":"3becf83d-a037-4222-a77c-17b5c8827aa5","value":{"error":"no such element","message":"An element could not be located on the page using the given search parameters","stacktrace":"io.appium.uiautomator2.common.exceptions.ElementNotFoundException: An element could not be located on the page using the given search parameters\n\tat io.appium.uiautomator2.handler.FindElement.findElement(FindElement.java:89)\n\tat io.appium.uiautomator2.handler.FindElement.safeHandle(FindElement.java:66)\n\tat io.appium.uiautomator2.handler.request.SafeRequestHandler.handle(SafeRequestHandler.java:41)\n\tat io.appium.uiautomator2.server.AppiumServlet.handleRequest(AppiumServlet.java:262)\n\tat io.appium.uiautomator2.server.AppiumServlet.handleHttpRequest(AppiumServlet.java:256)\n\tat io.appium.uiautomator2.http.ServerHandler.channelRead(ServerHandler.java:68)\n\tat io.netty.channel.AbstractChannelHandlerContext.invokeChannelRead(AbstractChannelHandlerContext.java:366)\n\tat io.netty.channel.AbstractChannelHandlerCont...
[debug] &amp#27;[35m[W3C]&amp#27;[39m Matched W3C error code 'no such element' to NoSuchElementError
[debug] &amp#27;[35m[BaseDriver]&amp#27;[39m Waited for 9460 ms so far
[debug] &amp#27;[35m[WD Proxy]&amp#27;[39m Matched '/element' to command name 'findElement'
[debug] &amp#27;[35m[WD Proxy]&amp#27;[39m Proxying [POST /element] to [POST http://127.0.0.1:8200/wd/hub/session/3becf83d-a037-4222-a77c-17b5c8827aa5/element] with body: {"strategy":"xpath","selector":"//*[@text='While using the app']","context":"","multiple":false}
&amp#27;[35m[WD Proxy]&amp#27;[39m Got response with status 404: {"sessionId":"3becf83d-a037-4222-a77c-17b5c8827aa5","value":{"error":"no such element","message":"An element could not be located on the page using the given search parameters","stacktrace":"io.appium.uiautomator2.common.exceptions.ElementNotFoundException: An element could not be located on the page using the given search parameters\n\tat io.appium.uiautomator2.handler.FindElement.findElement(FindElement.java:89)\n\tat io.appium.uiautomator2.handler.FindElement.safeHandle(FindElement.java:66)\n\tat io.appium.uiautomator2.handler.request.SafeRequestHandler.handle(SafeRequestHandler.java:41)\n\tat io.appium.uiautomator2.server.AppiumServlet.handleRequest(AppiumServlet.java:262)\n\tat io.appium.uiautomator2.server.AppiumServlet.handleHttpRequest(AppiumServlet.java:256)\n\tat io.appium.uiautomator2.http.ServerHandler.channelRead(ServerHandler.java:68)\n\tat io.netty.channel.AbstractChannelHandlerContext.invokeChannelRead(AbstractChannelHandlerContext.java:366)\n\tat io.netty.channel.AbstractChannelHandlerCont...
[debug] &amp#27;[35m[W3C]&amp#27;[39m Matched W3C error code 'no such element' to NoSuchElementError
[debug] &amp#27;[35m[W3C (de968a0e)]&amp#27;[39m Encountered internal error running command: NoSuchElementError: An element could not be located on the page using the given search parameters.
[debug] &amp#27;[35m[W3C (de968a0e)]&amp#27;[39m     at AndroidUiautomator2Driver.findElOrEls (C:\Users\Akash Sharma\AppData\Roaming\npm\node_modules\appium\node_modules\appium-android-driver\lib\commands\find.js:75:11)
[debug] &amp#27;[35m[W3C (de968a0e)]&amp#27;[39m     at processTicksAndRejections (internal/process/task_queues.js:95:5)
[debug] &amp#27;[35m[W3C (de968a0e)]&amp#27;[39m     at AndroidUiautomator2Driver.findElOrElsWithProcessing (C:\Users\Akash Sharma\AppData\Roaming\npm\node_modules\appium\node_modules\appium-base-driver\lib\basedriver\commands\find.js:33:12)
[debug] &amp#27;[35m[W3C (de968a0e)]&amp#27;[39m     at AndroidUiautomator2Driver.findElement (C:\Users\Akash Sharma\AppData\Roaming\npm\node_modules\appium\node_modules\appium-base-driver\lib\basedriver\commands\find.js:53:10)
&amp#27;[35m[HTTP]&amp#27;[39m &amp#27;[37m<-- POST /wd/hub/session/de968a0e-0fdc-4a9e-bdc5-84d072e07abc/element &amp#27;[39m&amp#27;[33m404&amp#27;[39m &amp#27;[90m10241 ms - 899&amp#27;[39m
&amp#27;[35m[HTTP]&amp#27;[39m &amp#27;[90m&amp#27;[39m
]]></system-out>
    <system-err><![CDATA[Sep 26, 2021 3:23:58 PM io.appium.java_client.remote.AppiumCommandExecutor$1 lambda$0
INFO: Detected dialect: W3C
]]></system-err>
  </testcase>
  <testcase name="logintest[Akash, acidqa_](1)" classname="AppiumCRMpoc.AppiumCRMpocAI.LoginWithDataDriven_tc" time="28.943">
    <system-out><![CDATA[3
2
Akash   
acidqa_   
Jessi   
Abc%123   
[debug] &amp#27;[35m[HTTP]&amp#27;[39m Request idempotency key: 175c2a86-955a-4df5-8022-57dc6a93730d
&amp#27;[35m[HTTP]&amp#27;[39m &amp#27;[37m-->&amp#27;[39m &amp#27;[37mPOST&amp#27;[39m &amp#27;[37m/wd/hub/session&amp#27;[39m
&amp#27;[35m[HTTP]&amp#27;[39m &amp#27;[90m{"desiredCapabilities":{"app":"C:\\Users\\Akash Sharma\\Desktop\\selenium\\eclipse-jee-mars-2-win32-x86_64\\eclipse\\AppiumCRMpocAI\\src\\CRMNextNative5.75.0-Gold7-release.apk","appActivity":".qr.QrScannerActivity t50","appPackage":"com.crmnextmobile.crmnextofflineplay","noReset":true,"newCommandTimeout":"120","platformVersion":"11.0","automationName":"APPIUM","platformName":"Android","deviceName":"PVLBTCAE4L5SSGM7"},"capabilities":{"firstMatch":[{"appium:app":"C:\\Users\\Akash Sharma\\Desktop\\selenium\\eclipse-jee-mars-2-win32-x86_64\\eclipse\\AppiumCRMpocAI\\src\\CRMNextNative5.75.0-Gold7-release.apk","appium:appActivity":".qr.QrScannerActivity t50","appium:appPackage":"com.crmnextmobile.crmnextofflineplay","appium:automationName":"APPIUM","appium:deviceName":"PVLBTCAE4L5SSGM7","appium:newCommandTimeout":"120","appium:noReset":true,"platformName":"android","appium:platformVersion":"11.0"}]}}&amp#27;[39m
[debug] &amp#27;[35m[W3C]&amp#27;[39m Calling AppiumDriver.createSession() with args: [{"app":"C:\\Users\\Akash Sharma\\Desktop\\selenium\\eclipse-jee-mars-2-win32-x86_64\\eclipse\\AppiumCRMpocAI\\src\\CRMNextNative5.75.0-Gold7-release.apk","appActivity":".qr.QrScannerActivity t50","appPackage":"com.crmnextmobile.crmnextofflineplay","noReset":true,"newCommandTimeout":"120","platformVersion":"11.0","automationName":"APPIUM","platformName":"Android","deviceName":"PVLBTCAE4L5SSGM7"},null,{"firstMatch":[{"appium:app":"C:\\Users\\Akash Sharma\\Desktop\\selenium\\eclipse-jee-mars-2-win32-x86_64\\eclipse\\AppiumCRMpocAI\\src\\CRMNextNative5.75.0-Gold7-release.apk","appium:appActivity":".qr.QrScannerActivity t50","appium:appPackage":"com.crmnextmobile.crmnextofflineplay","appium:automationName":"APPIUM","appium:deviceName":"PVLBTCAE4L5SSGM7","appium:newCommandTimeout":"120","appium:noReset":true,"platformName":"android","appium:platformVersion":"11.0"}]}]
[debug] &amp#27;[35m[BaseDriver]&amp#27;[39m Event 'newSessionRequested' logged at 1632650052140 (15:24:12 GMT+0530 (India Standard Time))
&amp#27;[35m[BaseDriver]&amp#27;[39m Number capability passed in as string. Functionality may be compromised.
&amp#27;[35m[Appium]&amp#27;[39m 
&amp#27;[35m[Appium]&amp#27;[39m ======================================================================
&amp#27;[35m[Appium]&amp#27;[39m   DEPRECATION WARNING:
&amp#27;[35m[Appium]&amp#27;[39m 
&amp#27;[35m[Appium]&amp#27;[39m   The 'automationName' capability was not provided in the desired 
&amp#27;[35m[Appium]&amp#27;[39m   capabilities for this Android session
&amp#27;[35m[Appium]&amp#27;[39m 
&amp#27;[35m[Appium]&amp#27;[39m   Setting 'automationName=UiAutomator2' by default and using the 
&amp#27;[35m[Appium]&amp#27;[39m   UiAutomator2 Driver
&amp#27;[35m[Appium]&amp#27;[39m 
&amp#27;[35m[Appium]&amp#27;[39m   The next major version of Appium (2.x) will **require** the 
&amp#27;[35m[Appium]&amp#27;[39m   'automationName' capability to be set for all sessions on all 
&amp#27;[35m[Appium]&amp#27;[39m   platforms
&amp#27;[35m[Appium]&amp#27;[39m 
&amp#27;[35m[Appium]&amp#27;[39m   In previous versions (Appium <= 1.13.x), the default was 
&amp#27;[35m[Appium]&amp#27;[39m   'automationName=UiAutomator1'
&amp#27;[35m[Appium]&amp#27;[39m 
&amp#27;[35m[Appium]&amp#27;[39m   If you wish to use that automation instead of UiAutomator2, please 
&amp#27;[35m[Appium]&amp#27;[39m   add 'automationName=UiAutomator1' to your desired capabilities
&amp#27;[35m[Appium]&amp#27;[39m 
&amp#27;[35m[Appium]&amp#27;[39m   For more information about drivers, please visit 
&amp#27;[35m[Appium]&amp#27;[39m   http://appium.io/docs/en/about-appium/intro/ and explore the 
&amp#27;[35m[Appium]&amp#27;[39m   'Drivers' menu
&amp#27;[35m[Appium]&amp#27;[39m 
&amp#27;[35m[Appium]&amp#27;[39m ======================================================================
&amp#27;[35m[Appium]&amp#27;[39m 
&amp#27;[35m[Appium]&amp#27;[39m Appium v1.21.0 creating new AndroidUiautomator2Driver (v1.65.0) session
[debug] &amp#27;[35m[BaseDriver]&amp#27;[39m W3C capabilities and MJSONWP desired capabilities were provided
[debug] &amp#27;[35m[BaseDriver]&amp#27;[39m Creating session with W3C capabilities: {
[debug] &amp#27;[35m[BaseDriver]&amp#27;[39m   "alwaysMatch": {
[debug] &amp#27;[35m[BaseDriver]&amp#27;[39m     "platformName": "android",
[debug] &amp#27;[35m[BaseDriver]&amp#27;[39m     "appium:app": "C:\\Users\\Akash Sharma\\Desktop\\selenium\\eclipse-jee-mars-2-win32-x86_64\\eclipse\\AppiumCRMpocAI\\src\\CRMNextNative5.75.0-Gold7-release.apk",
[debug] &amp#27;[35m[BaseDriver]&amp#27;[39m     "appium:appActivity": ".qr.QrScannerActivity t50",
[debug] &amp#27;[35m[BaseDriver]&amp#27;[39m     "appium:appPackage": "com.crmnextmobile.crmnextofflineplay",
[debug] &amp#27;[35m[BaseDriver]&amp#27;[39m     "appium:automationName": "APPIUM",
[debug] &amp#27;[35m[BaseDriver]&amp#27;[39m     "appium:deviceName": "PVLBTCAE4L5SSGM7",
[debug] &amp#27;[35m[BaseDriver]&amp#27;[39m     "appium:newCommandTimeout": "120",
[debug] &amp#27;[35m[BaseDriver]&amp#27;[39m     "appium:noReset": true,
[debug] &amp#27;[35m[BaseDriver]&amp#27;[39m     "appium:platformVersion": "11.0"
[debug] &amp#27;[35m[BaseDriver]&amp#27;[39m   },
[debug] &amp#27;[35m[BaseDriver]&amp#27;[39m   "firstMatch": [
[debug] &amp#27;[35m[BaseDriver]&amp#27;[39m     {}
[debug] &amp#27;[35m[BaseDriver]&amp#27;[39m   ]
[debug] &amp#27;[35m[BaseDriver]&amp#27;[39m }
&amp#27;[35m[BaseDriver]&amp#27;[39m Number capability passed in as string. Functionality may be compromised.
&amp#27;[35m[BaseDriver]&amp#27;[39m Capability 'newCommandTimeout' changed from string ('120') to integer (120). This may cause unexpected behavior
&amp#27;[35m[BaseDriver]&amp#27;[39m Session created with session id: f55ee089-4d7e-4ae9-87b1-15afd250c1d8
&amp#27;[35m[BaseDriver]&amp#27;[39m Using local app 'C:\Users\Akash Sharma\Desktop\selenium\eclipse-jee-mars-2-win32-x86_64\eclipse\AppiumCRMpocAI\src\CRMNextNative5.75.0-Gold7-release.apk'
[debug] &amp#27;[35m[UiAutomator2]&amp#27;[39m Checking whether app is actually present
&amp#27;[35m[ADB]&amp#27;[39m Using 'adb.exe' from 'C:\Users\Akash Sharma\AppData\Local\Android\Sdk\platform-tools\adb.exe'
[debug] &amp#27;[35m[ADB]&amp#27;[39m Running 'C:\Users\Akash Sharma\AppData\Local\Android\Sdk\platform-tools\adb.exe -P 5037 start-server'
&amp#27;[35m[AndroidDriver]&amp#27;[39m Retrieving device list
[debug] &amp#27;[35m[ADB]&amp#27;[39m Trying to find a connected android device
[debug] &amp#27;[35m[ADB]&amp#27;[39m Getting connected devices
[debug] &amp#27;[35m[ADB]&amp#27;[39m Connected devices: [{"udid":"PVLBTCAE4L5SSGM7","state":"device"}]
&amp#27;[35m[AndroidDriver]&amp#27;[39m Looking for a device with Android '11.0.0'
[debug] &amp#27;[35m[ADB]&amp#27;[39m Setting device id to PVLBTCAE4L5SSGM7
&amp#27;[35m[ADB]&amp#27;[39m Getting device platform version
[debug] &amp#27;[35m[ADB]&amp#27;[39m Running 'C:\Users\Akash Sharma\AppData\Local\Android\Sdk\platform-tools\adb.exe -P 5037 -s PVLBTCAE4L5SSGM7 shell getprop ro.build.version.release'
[debug] &amp#27;[35m[ADB]&amp#27;[39m Current device property 'ro.build.version.release': 11
&amp#27;[35m[AndroidDriver]&amp#27;[39m Using device: PVLBTCAE4L5SSGM7
&amp#27;[35m[ADB]&amp#27;[39m Using 'adb.exe' from 'C:\Users\Akash Sharma\AppData\Local\Android\Sdk\platform-tools\adb.exe'
[debug] &amp#27;[35m[ADB]&amp#27;[39m Running 'C:\Users\Akash Sharma\AppData\Local\Android\Sdk\platform-tools\adb.exe -P 5037 start-server'
[debug] &amp#27;[35m[ADB]&amp#27;[39m Setting device id to PVLBTCAE4L5SSGM7
[debug] &amp#27;[35m[ADB]&amp#27;[39m Running 'C:\Users\Akash Sharma\AppData\Local\Android\Sdk\platform-tools\adb.exe -P 5037 -s PVLBTCAE4L5SSGM7 shell getprop ro.build.version.sdk'
[debug] &amp#27;[35m[ADB]&amp#27;[39m Current device property 'ro.build.version.sdk': 30
&amp#27;[35m[ADB]&amp#27;[39m Getting device platform version
[debug] &amp#27;[35m[ADB]&amp#27;[39m Running 'C:\Users\Akash Sharma\AppData\Local\Android\Sdk\platform-tools\adb.exe -P 5037 -s PVLBTCAE4L5SSGM7 shell getprop ro.build.version.release'
[debug] &amp#27;[35m[ADB]&amp#27;[39m Current device property 'ro.build.version.release': 11
[debug] &amp#27;[35m[ADB]&amp#27;[39m Device API level: 30
&amp#27;[35m[UiAutomator2]&amp#27;[39m Relaxing hidden api policy
[debug] &amp#27;[35m[ADB]&amp#27;[39m Running 'C:\Users\Akash Sharma\AppData\Local\Android\Sdk\platform-tools\adb.exe -P 5037 -s PVLBTCAE4L5SSGM7 shell 'settings put global hidden_api_policy_pre_p_apps 1;settings put global hidden_api_policy_p_apps 1;settings put global hidden_api_policy 1''
&amp#27;[35m[AndroidDriver]&amp#27;[39m Capability 'appActivity' is expected to only include latin letters, digits, underscore, dot, comma and asterisk characters.
&amp#27;[35m[AndroidDriver]&amp#27;[39m Current value '.qr.QrScannerActivity t50' has non-matching character at index 21: '.qr.QrScannerActivity '
[debug] &amp#27;[35m[ADB]&amp#27;[39m Running 'C:\Users\Akash Sharma\AppData\Local\Android\Sdk\platform-tools\adb.exe -P 5037 -s PVLBTCAE4L5SSGM7 wait-for-device'
[debug] &amp#27;[35m[ADB]&amp#27;[39m Running 'C:\Users\Akash Sharma\AppData\Local\Android\Sdk\platform-tools\adb.exe -P 5037 -s PVLBTCAE4L5SSGM7 shell echo ping'
[debug] &amp#27;[35m[AndroidDriver]&amp#27;[39m Pushing settings apk to device...
[debug] &amp#27;[35m[ADB]&amp#27;[39m Getting install status for io.appium.settings
[debug] &amp#27;[35m[ADB]&amp#27;[39m Running 'C:\Users\Akash Sharma\AppData\Local\Android\Sdk\platform-tools\adb.exe -P 5037 -s PVLBTCAE4L5SSGM7 shell dumpsys package io.appium.settings'
[debug] &amp#27;[35m[ADB]&amp#27;[39m 'io.appium.settings' is installed
[debug] &amp#27;[35m[ADB]&amp#27;[39m Getting package info for 'io.appium.settings'
[debug] &amp#27;[35m[ADB]&amp#27;[39m Running 'C:\Users\Akash Sharma\AppData\Local\Android\Sdk\platform-tools\adb.exe -P 5037 -s PVLBTCAE4L5SSGM7 shell dumpsys package io.appium.settings'
[debug] &amp#27;[35m[ADB]&amp#27;[39m The version name of the installed 'io.appium.settings' is greater or equal to the application version name ('3.3.0' >= '3.3.0')
[debug] &amp#27;[35m[ADB]&amp#27;[39m There is no need to install/upgrade 'C:\Users\Akash Sharma\AppData\Roaming\npm\node_modules\appium\node_modules\io.appium.settings\apks\settings_apk-debug.apk'
[debug] &amp#27;[35m[ADB]&amp#27;[39m Getting IDs of all 'io.appium.settings' processes
[debug] &amp#27;[35m[ADB]&amp#27;[39m Running 'C:\Users\Akash Sharma\AppData\Local\Android\Sdk\platform-tools\adb.exe -P 5037 -s PVLBTCAE4L5SSGM7 shell 'pgrep --help; echo $?''
[debug] &amp#27;[35m[ADB]&amp#27;[39m Running 'C:\Users\Akash Sharma\AppData\Local\Android\Sdk\platform-tools\adb.exe -P 5037 -s PVLBTCAE4L5SSGM7 shell pgrep -f \(\[\[:blank:\]\]\|\^\)io\.appium\.settings\(\[\[:blank:\]\]\|\$\)'
[debug] &amp#27;[35m[AndroidDriver]&amp#27;[39m io.appium.settings is already running. There is no need to reset its permissions.
[debug] &amp#27;[35m[ADB]&amp#27;[39m Running 'C:\Users\Akash Sharma\AppData\Local\Android\Sdk\platform-tools\adb.exe -P 5037 -s PVLBTCAE4L5SSGM7 shell appops set io.appium.settings android:mock_location allow'
[debug] &amp#27;[35m[Logcat]&amp#27;[39m Starting logs capture with command: 'C:\\Users\\Akash Sharma\\AppData\\Local\\Android\\Sdk\\platform-tools\\adb.exe' -P 5037 -s PVLBTCAE4L5SSGM7 logcat -v threadtime
[debug] &amp#27;[35m[UiAutomator2]&amp#27;[39m Forwarding UiAutomator2 Server port 6790 to local port 8201
[debug] &amp#27;[35m[ADB]&amp#27;[39m Forwarding system: 8201 to device: 6790
[debug] &amp#27;[35m[ADB]&amp#27;[39m Running 'C:\Users\Akash Sharma\AppData\Local\Android\Sdk\platform-tools\adb.exe -P 5037 -s PVLBTCAE4L5SSGM7 forward tcp:8201 tcp:6790'
[debug] &amp#27;[35m[ADB]&amp#27;[39m Getting install status for io.appium.uiautomator2.server
[debug] &amp#27;[35m[ADB]&amp#27;[39m Running 'C:\Users\Akash Sharma\AppData\Local\Android\Sdk\platform-tools\adb.exe -P 5037 -s PVLBTCAE4L5SSGM7 shell dumpsys package io.appium.uiautomator2.server'
[debug] &amp#27;[35m[ADB]&amp#27;[39m 'io.appium.uiautomator2.server' is installed
[debug] &amp#27;[35m[ADB]&amp#27;[39m Getting package info for 'io.appium.uiautomator2.server'
[debug] &amp#27;[35m[ADB]&amp#27;[39m Running 'C:\Users\Akash Sharma\AppData\Local\Android\Sdk\platform-tools\adb.exe -P 5037 -s PVLBTCAE4L5SSGM7 shell dumpsys package io.appium.uiautomator2.server'
[debug] &amp#27;[35m[ADB]&amp#27;[39m The version name of the installed 'io.appium.uiautomator2.server' is greater or equal to the application version name ('4.21.1' >= '4.21.1')
[debug] &amp#27;[35m[UiAutomator2]&amp#27;[39m io.appium.uiautomator2.server installation state: sameVersionInstalled
[debug] &amp#27;[35m[ADB]&amp#27;[39m Checking app cert for C:\Users\Akash Sharma\AppData\Roaming\npm\node_modules\appium\node_modules\appium-uiautomator2-server\apks\appium-uiautomator2-server-v4.21.1.apk
&amp#27;[35m[ADB]&amp#27;[39m Using 'apksigner.jar' from 'C:\Users\Akash Sharma\AppData\Local\Android\Sdk\build-tools\30.0.3\lib\apksigner.jar'
[debug] &amp#27;[35m[ADB]&amp#27;[39m Starting apksigner: 'C:\\Program Files\\Java\\jdk1.8.0_181\\bin\\java.exe' -Xmx1024M -Xss1m -jar 'C:\\Users\\Akash Sharma\\AppData\\Local\\Android\\Sdk\\build-tools\\30.0.3\\lib\\apksigner.jar' verify --print-certs 'C:\\Users\\Akash Sharma\\AppData\\Roaming\\npm\\node_modules\\appium\\node_modules\\appium-uiautomator2-server\\apks\\appium-uiautomator2-server-v4.21.1.apk'
[debug] &amp#27;[35m[ADB]&amp#27;[39m apksigner stdout: Signer #1 certificate DN: EMAILADDRESS=android@android.com, CN=Android, OU=Android, O=Android, L=Mountain View, ST=California, C=US
[debug] &amp#27;[35m[ADB]&amp#27;[39m Signer #1 certificate SHA-256 digest: a40da80a59d170caa950cf15c18c454d47a39b26989d8b640ecd745ba71bf5dc
[debug] &amp#27;[35m[ADB]&amp#27;[39m Signer #1 certificate SHA-1 digest: 61ed377e85d386a8dfee6b864bd85b0bfaa5af81
[debug] &amp#27;[35m[ADB]&amp#27;[39m Signer #1 certificate MD5 digest: e89b158e4bcf988ebd09eb83f5378e87
[debug] &amp#27;[35m[ADB]&amp#27;[39m 
[debug] &amp#27;[35m[ADB]&amp#27;[39m sha256 hash did match for 'appium-uiautomator2-server-v4.21.1.apk'
&amp#27;[35m[ADB]&amp#27;[39m 'C:\Users\Akash Sharma\AppData\Roaming\npm\node_modules\appium\node_modules\appium-uiautomator2-server\apks\appium-uiautomator2-server-v4.21.1.apk' is signed with the default certificate
[debug] &amp#27;[35m[ADB]&amp#27;[39m Getting install status for io.appium.uiautomator2.server.test
[debug] &amp#27;[35m[ADB]&amp#27;[39m Running 'C:\Users\Akash Sharma\AppData\Local\Android\Sdk\platform-tools\adb.exe -P 5037 -s PVLBTCAE4L5SSGM7 shell dumpsys package io.appium.uiautomator2.server.test'
[debug] &amp#27;[35m[ADB]&amp#27;[39m 'io.appium.uiautomator2.server.test' is installed
[debug] &amp#27;[35m[ADB]&amp#27;[39m Checking app cert for C:\Users\Akash Sharma\AppData\Roaming\npm\node_modules\appium\node_modules\appium-uiautomator2-server\apks\appium-uiautomator2-server-debug-androidTest.apk
[debug] &amp#27;[35m[ADB]&amp#27;[39m Starting apksigner: 'C:\\Program Files\\Java\\jdk1.8.0_181\\bin\\java.exe' -Xmx1024M -Xss1m -jar 'C:\\Users\\Akash Sharma\\AppData\\Local\\Android\\Sdk\\build-tools\\30.0.3\\lib\\apksigner.jar' verify --print-certs 'C:\\Users\\Akash Sharma\\AppData\\Roaming\\npm\\node_modules\\appium\\node_modules\\appium-uiautomator2-server\\apks\\appium-uiautomator2-server-debug-androidTest.apk'
[debug] &amp#27;[35m[ADB]&amp#27;[39m apksigner stdout: Signer #1 certificate DN: EMAILADDRESS=android@android.com, CN=Android, OU=Android, O=Android, L=Mountain View, ST=California, C=US
[debug] &amp#27;[35m[ADB]&amp#27;[39m Signer #1 certificate SHA-256 digest: a40da80a59d170caa950cf15c18c454d47a39b26989d8b640ecd745ba71bf5dc
[debug] &amp#27;[35m[ADB]&amp#27;[39m Signer #1 certificate SHA-1 digest: 61ed377e85d386a8dfee6b864bd85b0bfaa5af81
[debug] &amp#27;[35m[ADB]&amp#27;[39m Signer #1 certificate MD5 digest: e89b158e4bcf988ebd09eb83f5378e87
[debug] &amp#27;[35m[ADB]&amp#27;[39m 
[...]
&amp#27;[35m[HTTP]&amp#27;[39m &amp#27;[90m{"using":"xpath","value":"//*[@text='While using the app']"}&amp#27;[39m
[debug] &amp#27;[35m[W3C (b98c10f4)]&amp#27;[39m Calling AppiumDriver.findElements() with args: ["xpath","//*[@text='While using the app']","b98c10f4-ccb7-4949-9308-415f87d73893"]
[debug] &amp#27;[35m[BaseDriver]&amp#27;[39m Valid locator strategies for this request: xpath, id, class name, accessibility id, css selector, -android uiautomator
[debug] &amp#27;[35m[BaseDriver]&amp#27;[39m Waiting up to 7000 ms for condition
[debug] &amp#27;[35m[WD Proxy]&amp#27;[39m Matched '/elements' to command name 'findElements'
[debug] &amp#27;[35m[WD Proxy]&amp#27;[39m Proxying [POST /elements] to [POST http://127.0.0.1:8202/wd/hub/session/956c159a-93f5-444f-9e99-8b02bf905e05/elements] with body: {"strategy":"xpath","selector":"//*[@text='While using the app']","context":"","multiple":true}
[debug] &amp#27;[35m[WD Proxy]&amp#27;[39m Got response with status 200: {"sessionId":"956c159a-93f5-444f-9e99-8b02bf905e05","value":[]}
[debug] &amp#27;[35m[BaseDriver]&amp#27;[39m Waited for 900 ms so far
[debug] &amp#27;[35m[WD Proxy]&amp#27;[39m Matched '/elements' to command name 'findElements'
[debug] &amp#27;[35m[WD Proxy]&amp#27;[39m Proxying [POST /elements] to [POST http://127.0.0.1:8202/wd/hub/session/956c159a-93f5-444f-9e99-8b02bf905e05/elements] with body: {"strategy":"xpath","selector":"//*[@text='While using the app']","context":"","multiple":true}
[debug] &amp#27;[35m[WD Proxy]&amp#27;[39m Got response with status 200: {"sessionId":"956c159a-93f5-444f-9e99-8b02bf905e05","value":[]}
[debug] &amp#27;[35m[BaseDriver]&amp#27;[39m Waited for 1553 ms so far
[debug] &amp#27;[35m[WD Proxy]&amp#27;[39m Matched '/elements' to command name 'findElements'
[debug] &amp#27;[35m[WD Proxy]&amp#27;[39m Proxying [POST /elements] to [POST http://127.0.0.1:8202/wd/hub/session/956c159a-93f5-444f-9e99-8b02bf905e05/elements] with body: {"strategy":"xpath","selector":"//*[@text='While using the app']","context":"","multiple":true}
[debug] &amp#27;[35m[WD Proxy]&amp#27;[39m Got response with status 200: {"sessionId":"956c159a-93f5-444f-9e99-8b02bf905e05","value":[]}
[debug] &amp#27;[35m[BaseDriver]&amp#27;[39m Waited for 2208 ms so far
[debug] &amp#27;[35m[WD Proxy]&amp#27;[39m Matched '/elements' to command name 'findElements'
[debug] &amp#27;[35m[WD Proxy]&amp#27;[39m Proxying [POST /elements] to [POST http://127.0.0.1:8202/wd/hub/session/956c159a-93f5-444f-9e99-8b02bf905e05/elements] with body: {"strategy":"xpath","selector":"//*[@text='While using the app']","context":"","multiple":true}
[debug] &amp#27;[35m[WD Proxy]&amp#27;[39m Got response with status 200: {"sessionId":"956c159a-93f5-444f-9e99-8b02bf905e05","value":[]}
[debug] &amp#27;[35m[BaseDriver]&amp#27;[39m Waited for 2872 ms so far
[debug] &amp#27;[35m[WD Proxy]&amp#27;[39m Matched '/elements' to command name 'findElements'
[debug] &amp#27;[35m[WD Proxy]&amp#27;[39m Proxying [POST /elements] to [POST http://127.0.0.1:8202/wd/hub/session/956c159a-93f5-444f-9e99-8b02bf905e05/elements] with body: {"strategy":"xpath","selector":"//*[@text='While using the app']","context":"","multiple":true}
[debug] &amp#27;[35m[WD Proxy]&amp#27;[39m Got response with status 200: {"sessionId":"956c159a-93f5-444f-9e99-8b02bf905e05","value":[]}
[debug] &amp#27;[35m[BaseDriver]&amp#27;[39m Waited for 3511 ms so far
[debug] &amp#27;[35m[WD Proxy]&amp#27;[39m Matched '/elements' to command name 'findElements'
[debug] &amp#27;[35m[WD Proxy]&amp#27;[39m Proxying [POST /elements] to [POST http://127.0.0.1:8202/wd/hub/session/956c159a-93f5-444f-9e99-8b02bf905e05/elements] with body: {"strategy":"xpath","selector":"//*[@text='While using the app']","context":"","multiple":true}
[debug] &amp#27;[35m[WD Proxy]&amp#27;[39m Got response with status 200: {"sessionId":"956c159a-93f5-444f-9e99-8b02bf905e05","value":[]}
[debug] &amp#27;[35m[BaseDriver]&amp#27;[39m Waited for 4169 ms so far
[debug] &amp#27;[35m[WD Proxy]&amp#27;[39m Matched '/elements' to command name 'findElements'
[debug] &amp#27;[35m[WD Proxy]&amp#27;[39m Proxying [POST /elements] to [POST http://127.0.0.1:8202/wd/hub/session/956c159a-93f5-444f-9e99-8b02bf905e05/elements] with body: {"strategy":"xpath","selector":"//*[@text='While using the app']","context":"","multiple":true}
[debug] &amp#27;[35m[WD Proxy]&amp#27;[39m Got response with status 200: {"sessionId":"956c159a-93f5-444f-9e99-8b02bf905e05","value":[]}
[debug] &amp#27;[35m[BaseDriver]&amp#27;[39m Waited for 4841 ms so far
[debug] &amp#27;[35m[WD Proxy]&amp#27;[39m Matched '/elements' to command name 'findElements'
[debug] &amp#27;[35m[WD Proxy]&amp#27;[39m Proxying [POST /elements] to [POST http://127.0.0.1:8202/wd/hub/session/956c159a-93f5-444f-9e99-8b02bf905e05/elements] with body: {"strategy":"xpath","selector":"//*[@text='While using the app']","context":"","multiple":true}
[debug] &amp#27;[35m[WD Proxy]&amp#27;[39m Got response with status 200: {"sessionId":"956c159a-93f5-444f-9e99-8b02bf905e05","value":[]}
[debug] &amp#27;[35m[BaseDriver]&amp#27;[39m Waited for 5500 ms so far
[debug] &amp#27;[35m[WD Proxy]&amp#27;[39m Matched '/elements' to command name 'findElements'
[debug] &amp#27;[35m[WD Proxy]&amp#27;[39m Proxying [POST /elements] to [POST http://127.0.0.1:8202/wd/hub/session/956c159a-93f5-444f-9e99-8b02bf905e05/elements] with body: {"strategy":"xpath","selector":"//*[@text='While using the app']","context":"","multiple":true}
[debug] &amp#27;[35m[WD Proxy]&amp#27;[39m Got response with status 200: {"sessionId":"956c159a-93f5-444f-9e99-8b02bf905e05","value":[]}
[debug] &amp#27;[35m[BaseDriver]&amp#27;[39m Waited for 6107 ms so far
[debug] &amp#27;[35m[WD Proxy]&amp#27;[39m Matched '/elements' to command name 'findElements'
[debug] &amp#27;[35m[WD Proxy]&amp#27;[39m Proxying [POST /elements] to [POST http://127.0.0.1:8202/wd/hub/session/956c159a-93f5-444f-9e99-8b02bf905e05/elements] with body: {"strategy":"xpath","selector":"//*[@text='While using the app']","context":"","multiple":true}
[debug] &amp#27;[35m[WD Proxy]&amp#27;[39m Got response with status 200: {"sessionId":"956c159a-93f5-444f-9e99-8b02bf905e05","value":[]}
[debug] &amp#27;[35m[BaseDriver]&amp#27;[39m Waited for 6696 ms so far
[debug] &amp#27;[35m[WD Proxy]&amp#27;[39m Matched '/elements' to command name 'findElements'
[debug] &amp#27;[35m[WD Proxy]&amp#27;[39m Proxying [POST /elements] to [POST http://127.0.0.1:8202/wd/hub/session/956c159a-93f5-444f-9e99-8b02bf905e05/elements] with body: {"strategy":"xpath","selector":"//*[@text='While using the app']","context":"","multiple":true}
[debug] &amp#27;[35m[WD Proxy]&amp#27;[39m Got response with status 200: {"sessionId":"956c159a-93f5-444f-9e99-8b02bf905e05","value":[]}
[debug] &amp#27;[35m[W3C (b98c10f4)]&amp#27;[39m Responding to client with driver.findElements() result: []
&amp#27;[35m[HTTP]&amp#27;[39m &amp#27;[37m<-- POST /wd/hub/session/b98c10f4-ccb7-4949-9308-415f87d73893/elements &amp#27;[39m&amp#27;[32m200&amp#27;[39m &amp#27;[90m7350 ms - 12&amp#27;[39m
&amp#27;[35m[HTTP]&amp#27;[39m &amp#27;[90m&amp#27;[39m
&amp#27;[35m[HTTP]&amp#27;[39m &amp#27;[37m-->&amp#27;[39m &amp#27;[37mGET&amp#27;[39m &amp#27;[37m/wd/hub/session/b98c10f4-ccb7-4949-9308-415f87d73893/context&amp#27;[39m
&amp#27;[35m[HTTP]&amp#27;[39m &amp#27;[90m{}&amp#27;[39m
[debug] &amp#27;[35m[W3C (b98c10f4)]&amp#27;[39m Calling AppiumDriver.getCurrentContext() with args: ["b98c10f4-ccb7-4949-9308-415f87d73893"]
[debug] &amp#27;[35m[W3C (b98c10f4)]&amp#27;[39m Responding to client with driver.getCurrentContext() result: "NATIVE_APP"
&amp#27;[35m[HTTP]&amp#27;[39m &amp#27;[37m<-- GET /wd/hub/session/b98c10f4-ccb7-4949-9308-415f87d73893/context &amp#27;[39m&amp#27;[32m200&amp#27;[39m &amp#27;[90m30 ms - 22&amp#27;[39m
&amp#27;[35m[HTTP]&amp#27;[39m &amp#27;[90m&amp#27;[39m
&amp#27;[35m[HTTP]&amp#27;[39m &amp#27;[37m-->&amp#27;[39m &amp#27;[37mPOST&amp#27;[39m &amp#27;[37m/wd/hub/session/b98c10f4-ccb7-4949-9308-415f87d73893/element&amp#27;[39m
&amp#27;[35m[HTTP]&amp#27;[39m &amp#27;[90m{"using":"xpath","value":"//*[@resource-id='TxtName']"}&amp#27;[39m
[debug] &amp#27;[35m[W3C (b98c10f4)]&amp#27;[39m Calling AppiumDriver.findElement() with args: ["xpath","//*[@resource-id='TxtName']","b98c10f4-ccb7-4949-9308-415f87d73893"]
[debug] &amp#27;[35m[BaseDriver]&amp#27;[39m Valid locator strategies for this request: xpath, id, class name, accessibility id, css selector, -android uiautomator
[debug] &amp#27;[35m[BaseDriver]&amp#27;[39m Waiting up to 7000 ms for condition
[debug] &amp#27;[35m[WD Proxy]&amp#27;[39m Matched '/element' to command name 'findElement'
[debug] &amp#27;[35m[WD Proxy]&amp#27;[39m Proxying [POST /element] to [POST http://127.0.0.1:8202/wd/hub/session/956c159a-93f5-444f-9e99-8b02bf905e05/element] with body: {"strategy":"xpath","selector":"//*[@resource-id='TxtName']","context":"","multiple":false}
[debug] &amp#27;[35m[WD Proxy]&amp#27;[39m Got response with status 200: {"sessionId":"956c159a-93f5-444f-9e99-8b02bf905e05","value":{"ELEMENT":"3a244276-0deb-4135-80e4-0b56b663c7f9","element-6066-11e4-a52e-4f735466cecf":"3a244276-0deb-4135-80e4-0b56b663c7f9"}}
[debug] &amp#27;[35m[W3C (b98c10f4)]&amp#27;[39m Responding to client with driver.findElement() result: {"element-6066-11e4-a52e-4f735466cecf":"3a244276-0deb-4135-80e4-0b56b663c7f9","ELEMENT":"3a244276-0deb-4135-80e4-0b56b663c7f9"}
&amp#27;[35m[HTTP]&amp#27;[39m &amp#27;[37m<-- POST /wd/hub/session/b98c10f4-ccb7-4949-9308-415f87d73893/element &amp#27;[39m&amp#27;[32m200&amp#27;[39m &amp#27;[90m167 ms - 137&amp#27;[39m
&amp#27;[35m[HTTP]&amp#27;[39m &amp#27;[90m&amp#27;[39m
&amp#27;[35m[HTTP]&amp#27;[39m &amp#27;[37m-->&amp#27;[39m &amp#27;[37mPOST&amp#27;[39m &amp#27;[37m/wd/hub/session/b98c10f4-ccb7-4949-9308-415f87d73893/element/3a244276-0deb-4135-80e4-0b56b663c7f9/value&amp#27;[39m
&amp#27;[35m[HTTP]&amp#27;[39m &amp#27;[90m{"id":"3a244276-0deb-4135-80e4-0b56b663c7f9","text":"Jessi","value":["J","e","s","s","i"]}&amp#27;[39m
[debug] &amp#27;[35m[W3C (b98c10f4)]&amp#27;[39m Calling AppiumDriver.setValue() with args: [["J","e","s","s","i"],"3a244276-0deb-4135-80e4-0b56b663c7f9","b98c10f4-ccb7-4949-9308-415f87d73893"]
[debug] &amp#27;[35m[WD Proxy]&amp#27;[39m Matched '/element/3a244276-0deb-4135-80e4-0b56b663c7f9/value' to command name 'setValue'
[debug] &amp#27;[35m[Protocol Converter]&amp#27;[39m Added 'value' property ["J","e","s","s","i"] to 'setValue' request body
[debug] &amp#27;[35m[WD Proxy]&amp#27;[39m Proxying [POST /element/3a244276-0deb-4135-80e4-0b56b663c7f9/value] to [POST http://127.0.0.1:8202/wd/hub/session/956c159a-93f5-444f-9e99-8b02bf905e05/element/3a244276-0deb-4135-80e4-0b56b663c7f9/value] with body: {"elementId":"3a244276-0deb-4135-80e4-0b56b663c7f9","text":"Jessi","replace":false,"value":["J","e","s","s","i"]}
[debug] &amp#27;[35m[WD Proxy]&amp#27;[39m Got response with status 200: {"sessionId":"956c159a-93f5-444f-9e99-8b02bf905e05","value":null}
[debug] &amp#27;[35m[W3C (b98c10f4)]&amp#27;[39m Responding to client with driver.setValue() result: null
&amp#27;[35m[HTTP]&amp#27;[39m &amp#27;[37m<-- POST /wd/hub/session/b98c10f4-ccb7-4949-9308-415f87d73893/element/3a244276-0deb-4135-80e4-0b56b663c7f9/value &amp#27;[39m&amp#27;[32m200&amp#27;[39m &amp#27;[90m65 ms - 14&amp#27;[39m
&amp#27;[35m[HTTP]&amp#27;[39m &amp#27;[90m&amp#27;[39m
&amp#27;[35m[HTTP]&amp#27;[39m &amp#27;[37m-->&amp#27;[39m &amp#27;[37mGET&amp#27;[39m &amp#27;[37m/wd/hub/session/b98c10f4-ccb7-4949-9308-415f87d73893/context&amp#27;[39m
&amp#27;[35m[HTTP]&amp#27;[39m &amp#27;[90m{}&amp#27;[39m
[debug] &amp#27;[35m[W3C (b98c10f4)]&amp#27;[39m Calling AppiumDriver.getCurrentContext() with args: ["b98c10f4-ccb7-4949-9308-415f87d73893"]
[debug] &amp#27;[35m[W3C (b98c10f4)]&amp#27;[39m Responding to client with driver.getCurrentContext() result: "NATIVE_APP"
&amp#27;[35m[HTTP]&amp#27;[39m &amp#27;[37m<-- GET /wd/hub/session/b98c10f4-ccb7-4949-9308-415f87d73893/context &amp#27;[39m&amp#27;[32m200&amp#27;[39m &amp#27;[90m17 ms - 22&amp#27;[39m
&amp#27;[35m[HTTP]&amp#27;[39m &amp#27;[90m&amp#27;[39m
&amp#27;[35m[HTTP]&amp#27;[39m &amp#27;[37m-->&amp#27;[39m &amp#27;[37mPOST&amp#27;[39m &amp#27;[37m/wd/hub/session/b98c10f4-ccb7-4949-9308-415f87d73893/element&amp#27;[39m
&amp#27;[35m[HTTP]&amp#27;[39m &amp#27;[90m{"using":"xpath","value":"//*[@resource-id='TxtPassword']"}&amp#27;[39m
[debug] &amp#27;[35m[W3C (b98c10f4)]&amp#27;[39m Calling AppiumDriver.findElement() with args: ["xpath","//*[@resource-id='TxtPassword']","b98c10f4-ccb7-4949-9308-415f87d73893"]
[debug] &amp#27;[35m[BaseDriver]&amp#27;[39m Valid locator strategies for this request: xpath, id, class name, accessibility id, css selector, -android uiautomator
[debug] &amp#27;[35m[BaseDriver]&amp#27;[39m Waiting up to 7000 ms for condition
[debug] &amp#27;[35m[WD Proxy]&amp#27;[39m Matched '/element' to command name 'findElement'
[debug] &amp#27;[35m[WD Proxy]&amp#27;[39m Proxying [POST /element] to [POST http://127.0.0.1:8202/wd/hub/session/956c159a-93f5-444f-9e99-8b02bf905e05/element] with body: {"strategy":"xpath","selector":"//*[@resource-id='TxtPassword']","context":"","multiple":false}
[debug] &amp#27;[35m[WD Proxy]&amp#27;[39m Got response with status 200: {"sessionId":"956c159a-93f5-444f-9e99-8b02bf905e05","value":{"ELEMENT":"31b2e333-6aee-450a-a523-92bfff3a2776","element-6066-11e4-a52e-4f735466cecf":"31b2e333-6aee-450a-a523-92bfff3a2776"}}
[debug] &amp#27;[35m[W3C (b98c10f4)]&amp#27;[39m Responding to client with driver.findElement() result: {"element-6066-11e4-a52e-4f735466cecf":"31b2e333-6aee-450a-a523-92bfff3a2776","ELEMENT":"31b2e333-6aee-450a-a523-92bfff3a2776"}
&amp#27;[35m[HTTP]&amp#27;[39m &amp#27;[37m<-- POST /wd/hub/session/b98c10f4-ccb7-4949-9308-415f87d73893/element &amp#27;[39m&amp#27;[32m200&amp#27;[39m &amp#27;[90m699 ms - 137&amp#27;[39m
&amp#27;[35m[HTTP]&amp#27;[39m &amp#27;[90m&amp#27;[39m
&amp#27;[35m[HTTP]&amp#27;[39m &amp#27;[37m-->&amp#27;[39m &amp#27;[37mPOST&amp#27;[39m &amp#27;[37m/wd/hub/session/b98c10f4-ccb7-4949-9308-415f87d73893/element/31b2e333-6aee-450a-a523-92bfff3a2776/value&amp#27;[39m
&amp#27;[35m[HTTP]&amp#27;[39m &amp#27;[90m{"id":"31b2e333-6aee-450a-a523-92bfff3a2776","text":"Abc%123","value":["A","b","c","%","1","2","3"]}&amp#27;[39m
[debug] &amp#27;[35m[W3C (b98c10f4)]&amp#27;[39m Calling AppiumDriver.setValue() with args: [["A","b","c","%","1","2","3"],"31b2e333-6aee-450a-a523-92bfff3a2776","b98c10f4-ccb7-4949-9308-415f87d73893"]
[debug] &amp#27;[35m[WD Proxy]&amp#27;[39m Matched '/element/31b2e333-6aee-450a-a523-92bfff3a2776/value' to command name 'setValue'
[debug] &amp#27;[35m[Protocol Converter]&amp#27;[39m Added 'value' property ["A","b","c","%","1","2","3"] to 'setValue' request body
[debug] &amp#27;[35m[WD Proxy]&amp#27;[39m Proxying [POST /element/31b2e333-6aee-450a-a523-92bfff3a2776/value] to [POST http://127.0.0.1:8202/wd/hub/session/956c159a-93f5-444f-9e99-8b02bf905e05/element/31b2e333-6aee-450a-a523-92bfff3a2776/value] with body: {"elementId":"31b2e333-6aee-450a-a523-92bfff3a2776","text":"Abc%123","replace":false,"value":["A","b","c","%","1","2","3"]}
[debug] &amp#27;[35m[WD Proxy]&amp#27;[39m Got response with status 200: {"sessionId":"956c159a-93f5-444f-9e99-8b02bf905e05","value":null}
[debug] &amp#27;[35m[W3C (b98c10f4)]&amp#27;[39m Responding to client with driver.setValue() result: null
&amp#27;[35m[HTTP]&amp#27;[39m &amp#27;[37m<-- POST /wd/hub/session/b98c10f4-ccb7-4949-9308-415f87d73893/element/31b2e333-6aee-450a-a523-92bfff3a2776/value &amp#27;[39m&amp#27;[32m200&amp#27;[39m &amp#27;[90m43 ms - 14&amp#27;[39m
&amp#27;[35m[HTTP]&amp#27;[39m &amp#27;[90m&amp#27;[39m
&amp#27;[35m[HTTP]&amp#27;[39m &amp#27;[37m-->&amp#27;[39m &amp#27;[37mGET&amp#27;[39m &amp#27;[37m/wd/hub/session/b98c10f4-ccb7-4949-9308-415f87d73893/context&amp#27;[39m
&amp#27;[35m[HTTP]&amp#27;[39m &amp#27;[90m{}&amp#27;[39m
[debug] &amp#27;[35m[W3C (b98c10f4)]&amp#27;[39m Calling AppiumDriver.getCurrentContext() with args: ["b98c10f4-ccb7-4949-9308-415f87d73893"]
[debug] &amp#27;[35m[W3C (b98c10f4)]&amp#27;[39m Responding to client with driver.getCurrentContext() result: "NATIVE_APP"
&amp#27;[35m[HTTP]&amp#27;[39m &amp#27;[37m<-- GET /wd/hub/session/b98c10f4-ccb7-4949-9308-415f87d73893/context &amp#27;[39m&amp#27;[32m200&amp#27;[39m &amp#27;[90m5 ms - 22&amp#27;[39m
&amp#27;[35m[HTTP]&amp#27;[39m &amp#27;[90m&amp#27;[39m
&amp#27;[35m[HTTP]&amp#27;[39m &amp#27;[37m-->&amp#27;[39m &amp#27;[37mPOST&amp#27;[39m &amp#27;[37m/wd/hub/session/b98c10f4-ccb7-4949-9308-415f87d73893/element&amp#27;[39m
&amp#27;[35m[HTTP]&amp#27;[39m &amp#27;[90m{"using":"xpath","value":"//*[@text='Login']"}&amp#27;[39m
[debug] &amp#27;[35m[W3C (b98c10f4)]&amp#27;[39m Calling AppiumDriver.findElement() with args: ["xpath","//*[@text='Login']","b98c10f4-ccb7-4949-9308-415f87d73893"]
[debug] &amp#27;[35m[BaseDriver]&amp#27;[39m Valid locator strategies for this request: xpath, id, class name, accessibility id, css selector, -android uiautomator
[debug] &amp#27;[35m[BaseDriver]&amp#27;[39m Waiting up to 7000 ms for condition
[debug] &amp#27;[35m[WD Proxy]&amp#27;[39m Matched '/element' to command name 'findElement'
[debug] &amp#27;[35m[WD Proxy]&amp#27;[39m Proxying [POST /element] to [POST http://127.0.0.1:8202/wd/hub/session/956c159a-93f5-444f-9e99-8b02bf905e05/element] with body: {"strategy":"xpath","selector":"//*[@text='Login']","context":"","multiple":false}
[debug] &amp#27;[35m[WD Proxy]&amp#27;[39m Got response with status 200: {"sessionId":"956c159a-93f5-444f-9e99-8b02bf905e05","value":{"ELEMENT":"d7f2580d-bb93-4f96-b9ed-fe6a33a60b53","element-6066-11e4-a52e-4f735466cecf":"d7f2580d-bb93-4f96-b9ed-fe6a33a60b53"}}
[debug] &amp#27;[35m[W3C (b98c10f4)]&amp#27;[39m Responding to client with driver.findElement() result: {"element-6066-11e4-a52e-4f735466cecf":"d7f2580d-bb93-4f96-b9ed-fe6a33a60b53","ELEMENT":"d7f2580d-bb93-4f96-b9ed-fe6a33a60b53"}
&amp#27;[35m[HTTP]&amp#27;[39m &amp#27;[37m<-- POST /wd/hub/session/b98c10f4-ccb7-4949-9308-415f87d73893/element &amp#27;[39m&amp#27;[32m200&amp#27;[39m &amp#27;[90m664 ms - 137&amp#27;[39m
&amp#27;[35m[HTTP]&amp#27;[39m &amp#27;[90m&amp#27;[39m
&amp#27;[35m[HTTP]&amp#27;[39m &amp#27;[37m-->&amp#27;[39m &amp#27;[37mPOST&amp#27;[39m &amp#27;[37m/wd/hub/session/b98c10f4-ccb7-4949-9308-415f87d73893/element/d7f2580d-bb93-4f96-b9ed-fe6a33a60b53/click&amp#27;[39m
&amp#27;[35m[HTTP]&amp#27;[39m &amp#27;[90m{"id":"d7f2580d-bb93-4f96-b9ed-fe6a33a60b53"}&amp#27;[39m
[debug] &amp#27;[35m[W3C (b98c10f4)]&amp#27;[39m Calling AppiumDriver.click() with args: ["d7f2580d-bb93-4f96-b9ed-fe6a33a60b53","b98c10f4-ccb7-4949-9308-415f87d73893"]
[debug] &amp#27;[35m[WD Proxy]&amp#27;[39m Matched '/element/d7f2580d-bb93-4f96-b9ed-fe6a33a60b53/click' to command name 'click'
[debug] &amp#27;[35m[WD Proxy]&amp#27;[39m Proxying [POST /element/d7f2580d-bb93-4f96-b9ed-fe6a33a60b53/click] to [POST http://127.0.0.1:8202/wd/hub/session/956c159a-93f5-444f-9e99-8b02bf905e05/element/d7f2580d-bb93-4f96-b9ed-fe6a33a60b53/click] with body: {"element":"d7f2580d-bb93-4f96-b9ed-fe6a33a60b53"}
[debug] &amp#27;[35m[WD Proxy]&amp#27;[39m Got response with status 200: {"sessionId":"956c159a-93f5-444f-9e99-8b02bf905e05","value":null}
[debug] &amp#27;[35m[W3C (b98c10f4)]&amp#27;[39m Responding to client with driver.click() result: null
&amp#27;[35m[HTTP]&amp#27;[39m &amp#27;[37m<-- POST /wd/hub/session/b98c10f4-ccb7-4949-9308-415f87d73893/element/d7f2580d-bb93-4f96-b9ed-fe6a33a60b53/click &amp#27;[39m&amp#27;[32m200&amp#27;[39m &amp#27;[90m71 ms - 14&amp#27;[39m
&amp#27;[35m[HTTP]&amp#27;[39m &amp#27;[90m&amp#27;[39m
]]></system-out>
    <system-err><![CDATA[Sep 26, 2021 3:25:07 PM io.appium.java_client.remote.AppiumCommandExecutor$1 lambda$0
INFO: Detected dialect: W3C
]]></system-err>
  </testcase>
</testsuite>