<?xml version="1.0" encoding="UTF-8"?>
<testng-results skipped="0" failed="0" ignored="0" total="1" passed="1">
  <reporter-output>
  </reporter-output>
  <suite name="Default suite" duration-ms="72936" started-at="2021-10-12T13:25:30Z" finished-at="2021-10-12T13:26:43Z">
    <groups>
    </groups>
    <test name="Default test" duration-ms="72936" started-at="2021-10-12T13:25:30Z" finished-at="2021-10-12T13:26:43Z">
      <class name="AppiumCRMpoc.AppiumCRMpocAI.TaskFromLeadDetail_tc">
        <test-method status="PASS" signature="TaskcreationfromLeaddetail()[pri:0, instance:AppiumCRMpoc.AppiumCRMpocAI.TaskFromLeadDetail_tc@627551fb]" name="TaskcreationfromLeaddetail" duration-ms="72864" started-at="2021-10-12T18:55:31Z" finished-at="2021-10-12T18:56:43Z">
          <reporter-output>
          </reporter-output>
        </test-method> <!-- TaskcreationfromLeaddetail -->
      </class> <!-- AppiumCRMpoc.AppiumCRMpocAI.TaskFromLeadDetail_tc -->
    </test> <!-- Default test -->
  </suite> <!-- Default suite -->
</testng-results>
