<?xml version="1.0" encoding="UTF-8"?>
<!-- Generated by org.testng.reporters.JUnitXMLReporter -->
<testsuite hostname="DESKTOP-G81NK99" ignored="0" name="GPSEnableHamburgerScrolling" tests="4" failures="4" timestamp="25 Sep 2021 14:20:49 GMT" time="12.403" errors="0">
  <testcase name="scrolling" time="5.997" classname="AppiumCRMpoc.AppiumCRMpocAI.hamburgerscrollable_tc_1">
    <failure type="org.openqa.selenium.SessionNotCreatedException" message="Unable to create a new remote session. Original error: Connection reset
Build info: version: &amp;apos;3.141.59&amp;apos;, revision: &amp;apos;e82be7d358&amp;apos;, time: &amp;apos;2018-11-14T08:17:03&amp;apos;
System info: host: &amp;apos;DESKTOP-G81NK99&amp;apos;, ip: &amp;apos;192.168.56.214&amp;apos;, os.name: &amp;apos;Windows 10&amp;apos;, os.arch: &amp;apos;amd64&amp;apos;, os.version: &amp;apos;10.0&amp;apos;, java.version: &amp;apos;1.8.0_181&amp;apos;
Driver info: driver.version: AndroidDriver">
      <![CDATA[org.openqa.selenium.SessionNotCreatedException: Unable to create a new remote session. Original error: Connection resetBuild info: version: '3.141.59', revision: 'e82be7d358', time: '2018-11-14T08:17:03'System info: host: 'DESKTOP-G81NK99', ip: '192.168.56.214', os.name: 'Windows 10', os.arch: 'amd64', os.version: '10.0', java.version: '1.8.0_181'Driver info: driver.version: AndroidDriverat io.appium.java_client.remote.AppiumCommandExecutor$1.createSession(AppiumCommandExecutor.java:216)at io.appium.java_client.remote.AppiumCommandExecutor.createSession(AppiumCommandExecutor.java:225)at io.appium.java_client.remote.AppiumCommandExecutor.execute(AppiumCommandExecutor.java:247)at org.openqa.selenium.remote.RemoteWebDriver.execute(RemoteWebDriver.java:552)at io.appium.java_client.DefaultGenericMobileDriver.execute(DefaultGenericMobileDriver.java:41)at io.appium.java_client.AppiumDriver.execute(AppiumDriver.java:1)at io.appium.java_client.android.AndroidDriver.execute(AndroidDriver.java:1)at org.openqa.selenium.remote.RemoteWebDriver.startSession(RemoteWebDriver.java:213)at io.appium.java_client.AppiumDriver.startSession(AppiumDriver.java:338)at org.openqa.selenium.remote.RemoteWebDriver.<init>(RemoteWebDriver.java:131)at io.appium.java_client.DefaultGenericMobileDriver.<init>(DefaultGenericMobileDriver.java:37)at io.appium.java_client.AppiumDriver.<init>(AppiumDriver.java:89)at io.appium.java_client.AppiumDriver.<init>(AppiumDriver.java:99)at io.appium.java_client.android.AndroidDriver.<init>(AndroidDriver.java:96)at AppiumCRMpoc.AppiumCRMpocAI.BaseClass.capabilities(BaseClass.java:82)at AppiumCRMpoc.AppiumCRMpocAI.hamburgerscrollable_tc_1.scrolling(hamburgerscrollable_tc_1.java:19)at io.appium.java_client.remote.AppiumCommandExecutor$1.createSession(AppiumCommandExecutor.java:193)... 44 moreCaused by: java.net.SocketException: Connection resetat java.net.SocketInputStream.read(SocketInputStream.java:210)at java.net.SocketInputStream.read(SocketInputStream.java:141)at okio.Okio$2.read(Okio.java:140)at okio.AsyncTimeout$2.read(AsyncTimeout.java:237)at okio.RealBufferedSource.indexOf(RealBufferedSource.java:355)at okio.RealBufferedSource.readUtf8LineStrict(RealBufferedSource.java:227)at okhttp3.internal.http1.Http1Codec.readHeaderLine(Http1Codec.java:215)at okhttp3.internal.http1.Http1Codec.readResponseHeaders(Http1Codec.java:189)at okhttp3.internal.http.CallServerInterceptor.intercept(CallServerInterceptor.java:88)at okhttp3.internal.http.RealInterceptorChain.proceed(RealInterceptorChain.java:147)at okhttp3.internal.http.RealInterceptorChain.proceed(RealInterceptorChain.java:121)at org.openqa.selenium.remote.internal.OkHttpClient$Factory$1.lambda$createClient$1(OkHttpClient.java:152)at okhttp3.internal.http.RealInterceptorChain.proceed(RealInterceptorChain.java:147)at okhttp3.internal.connection.ConnectInterceptor.intercept(ConnectInterceptor.java:45)at okhttp3.internal.http.RealInterceptorChain.proceed(RealInterceptorChain.java:147)at okhttp3.internal.http.RealInterceptorChain.proceed(RealInterceptorChain.java:121)at okhttp3.internal.cache.CacheInterceptor.intercept(CacheInterceptor.java:93)at okhttp3.internal.http.RealInterceptorChain.proceed(RealInterceptorChain.java:147)at okhttp3.internal.http.RealInterceptorChain.proceed(RealInterceptorChain.java:121)at okhttp3.internal.http.BridgeInterceptor.intercept(BridgeInterceptor.java:93)at okhttp3.internal.http.RealInterceptorChain.proceed(RealInterceptorChain.java:147)at okhttp3.internal.http.RetryAndFollowUpInterceptor.intercept(RetryAndFollowUpInterceptor.java:126)at okhttp3.internal.http.RealInterceptorChain.proceed(RealInterceptorChain.java:147)at okhttp3.internal.http.RealInterceptorChain.proceed(RealInterceptorChain.java:121)at okhttp3.RealCall.getResponseWithInterceptorChain(RealCall.java:200)at okhttp3.RealCall.execute(RealCall.java:77)at org.openqa.selenium.remote.internal.OkHttpClient.execute(OkHttpClient.java:103)at io.appium.java_client.remote.AppiumCommandExecutor.lambda$1(AppiumCommandExecutor.java:162)at org.openqa.selenium.remote.ProtocolHandshake.createSession(ProtocolHandshake.java:105)... 49 more... Removed 34 stack frames]]>
    </failure>
  </testcase> <!-- scrolling -->
  <testcase name="leadLayoutopened" time="2.107" classname="AppiumCRMpoc.AppiumCRMpocAI.LeadLayoutopencheck_tc">
    <failure type="org.openqa.selenium.WebDriverException" message="Connection refused: connect
Build info: version: &amp;apos;3.141.59&amp;apos;, revision: &amp;apos;e82be7d358&amp;apos;, time: &amp;apos;2018-11-14T08:17:03&amp;apos;
System info: host: &amp;apos;DESKTOP-G81NK99&amp;apos;, ip: &amp;apos;192.168.56.214&amp;apos;, os.name: &amp;apos;Windows 10&amp;apos;, os.arch: &amp;apos;amd64&amp;apos;, os.version: &amp;apos;10.0&amp;apos;, java.version: &amp;apos;1.8.0_181&amp;apos;
Driver info: driver.version: AndroidDriver">
      <![CDATA[org.openqa.selenium.WebDriverException: Connection refused: connectBuild info: version: '3.141.59', revision: 'e82be7d358', time: '2018-11-14T08:17:03'System info: host: 'DESKTOP-G81NK99', ip: '192.168.56.214', os.name: 'Windows 10', os.arch: 'amd64', os.version: '10.0', java.version: '1.8.0_181'Driver info: driver.version: AndroidDriverat io.appium.java_client.remote.AppiumCommandExecutor.lambda$6(AppiumCommandExecutor.java:259)at java.util.Optional.orElseGet(Optional.java:267)at io.appium.java_client.remote.AppiumCommandExecutor.execute(AppiumCommandExecutor.java:258)at org.openqa.selenium.remote.RemoteWebDriver.execute(RemoteWebDriver.java:552)at io.appium.java_client.DefaultGenericMobileDriver.execute(DefaultGenericMobileDriver.java:41)at io.appium.java_client.AppiumDriver.execute(AppiumDriver.java:1)at io.appium.java_client.android.AndroidDriver.execute(AndroidDriver.java:1)at org.openqa.selenium.remote.RemoteWebDriver.startSession(RemoteWebDriver.java:213)at io.appium.java_client.AppiumDriver.startSession(AppiumDriver.java:338)at org.openqa.selenium.remote.RemoteWebDriver.<init>(RemoteWebDriver.java:131)at io.appium.java_client.DefaultGenericMobileDriver.<init>(DefaultGenericMobileDriver.java:37)at io.appium.java_client.AppiumDriver.<init>(AppiumDriver.java:89)at io.appium.java_client.AppiumDriver.<init>(AppiumDriver.java:99)at io.appium.java_client.android.AndroidDriver.<init>(AndroidDriver.java:96)at AppiumCRMpoc.AppiumCRMpocAI.BaseClass.capabilities(BaseClass.java:82)at AppiumCRMpoc.AppiumCRMpocAI.LeadLayoutopencheck_tc.leadLayoutopened(LeadLayoutopencheck_tc.java:21)Caused by: java.net.ConnectException: Connection refused: connectat java.net.DualStackPlainSocketImpl.waitForConnect(Native Method)at java.net.DualStackPlainSocketImpl.socketConnect(DualStackPlainSocketImpl.java:85)at java.net.AbstractPlainSocketImpl.doConnect(AbstractPlainSocketImpl.java:350)at java.net.AbstractPlainSocketImpl.connectToAddress(AbstractPlainSocketImpl.java:206)at java.net.AbstractPlainSocketImpl.connect(AbstractPlainSocketImpl.java:188)at java.net.PlainSocketImpl.connect(PlainSocketImpl.java:172)at java.net.SocksSocketImpl.connect(SocksSocketImpl.java:392)at java.net.Socket.connect(Socket.java:589)at okhttp3.internal.platform.Platform.connectSocket(Platform.java:129)at okhttp3.internal.connection.RealConnection.connectSocket(RealConnection.java:245)at okhttp3.internal.connection.RealConnection.connect(RealConnection.java:165)at okhttp3.internal.connection.StreamAllocation.findConnection(StreamAllocation.java:257)at okhttp3.internal.connection.StreamAllocation.findHealthyConnection(StreamAllocation.java:135)at okhttp3.internal.connection.StreamAllocation.newStream(StreamAllocation.java:114)at okhttp3.internal.connection.ConnectInterceptor.intercept(ConnectInterceptor.java:42)at okhttp3.internal.http.RealInterceptorChain.proceed(RealInterceptorChain.java:147)at okhttp3.internal.http.RealInterceptorChain.proceed(RealInterceptorChain.java:121)at okhttp3.internal.cache.CacheInterceptor.intercept(CacheInterceptor.java:93)at okhttp3.internal.http.RealInterceptorChain.proceed(RealInterceptorChain.java:147)at okhttp3.internal.http.RealInterceptorChain.proceed(RealInterceptorChain.java:121)at okhttp3.internal.http.BridgeInterceptor.intercept(BridgeInterceptor.java:93)at okhttp3.internal.http.RealInterceptorChain.proceed(RealInterceptorChain.java:147)at okhttp3.internal.http.RetryAndFollowUpInterceptor.intercept(RetryAndFollowUpInterceptor.java:126)at okhttp3.internal.http.RealInterceptorChain.proceed(RealInterceptorChain.java:147)at okhttp3.internal.http.RealInterceptorChain.proceed(RealInterceptorChain.java:121)at okhttp3.RealCall.getResponseWithInterceptorChain(RealCall.java:200)at okhttp3.RealCall.execute(RealCall.java:77)at org.openqa.selenium.remote.internal.OkHttpClient.execute(OkHttpClient.java:103)at io.appium.java_client.remote.AppiumCommandExecutor.lambda$1(AppiumCommandExecutor.java:162)at org.openqa.selenium.remote.ProtocolHandshake.createSession(ProtocolHandshake.java:105)at io.appium.java_client.remote.AppiumCommandExecutor$1.createSession(AppiumCommandExecutor.java:193)at io.appium.java_client.remote.AppiumCommandExecutor.createSession(AppiumCommandExecutor.java:225)at io.appium.java_client.remote.AppiumCommandExecutor.execute(AppiumCommandExecutor.java:247)... 42 more... Removed 33 stack frames]]>
    </failure>
  </testcase> <!-- leadLayoutopened -->
  <testcase name="gpsEnablecheck" time="2.089" classname="AppiumCRMpoc.AppiumCRMpocAI.gpsEnable_tc2">
    <failure type="org.openqa.selenium.WebDriverException" message="Connection refused: connect
Build info: version: &amp;apos;3.141.59&amp;apos;, revision: &amp;apos;e82be7d358&amp;apos;, time: &amp;apos;2018-11-14T08:17:03&amp;apos;
System info: host: &amp;apos;DESKTOP-G81NK99&amp;apos;, ip: &amp;apos;192.168.56.214&amp;apos;, os.name: &amp;apos;Windows 10&amp;apos;, os.arch: &amp;apos;amd64&amp;apos;, os.version: &amp;apos;10.0&amp;apos;, java.version: &amp;apos;1.8.0_181&amp;apos;
Driver info: driver.version: AndroidDriver">
      <![CDATA[org.openqa.selenium.WebDriverException: Connection refused: connectBuild info: version: '3.141.59', revision: 'e82be7d358', time: '2018-11-14T08:17:03'System info: host: 'DESKTOP-G81NK99', ip: '192.168.56.214', os.name: 'Windows 10', os.arch: 'amd64', os.version: '10.0', java.version: '1.8.0_181'Driver info: driver.version: AndroidDriverat io.appium.java_client.remote.AppiumCommandExecutor.lambda$6(AppiumCommandExecutor.java:259)at java.util.Optional.orElseGet(Optional.java:267)at io.appium.java_client.remote.AppiumCommandExecutor.execute(AppiumCommandExecutor.java:258)at org.openqa.selenium.remote.RemoteWebDriver.execute(RemoteWebDriver.java:552)at io.appium.java_client.DefaultGenericMobileDriver.execute(DefaultGenericMobileDriver.java:41)at io.appium.java_client.AppiumDriver.execute(AppiumDriver.java:1)at io.appium.java_client.android.AndroidDriver.execute(AndroidDriver.java:1)at org.openqa.selenium.remote.RemoteWebDriver.startSession(RemoteWebDriver.java:213)at io.appium.java_client.AppiumDriver.startSession(AppiumDriver.java:338)at org.openqa.selenium.remote.RemoteWebDriver.<init>(RemoteWebDriver.java:131)at io.appium.java_client.DefaultGenericMobileDriver.<init>(DefaultGenericMobileDriver.java:37)at io.appium.java_client.AppiumDriver.<init>(AppiumDriver.java:89)at io.appium.java_client.AppiumDriver.<init>(AppiumDriver.java:99)at io.appium.java_client.android.AndroidDriver.<init>(AndroidDriver.java:96)at AppiumCRMpoc.AppiumCRMpocAI.BaseClass.capabilities(BaseClass.java:82)at AppiumCRMpoc.AppiumCRMpocAI.gpsEnable_tc2.gpsEnablecheck(gpsEnable_tc2.java:20)Caused by: java.net.ConnectException: Connection refused: connectat java.net.DualStackPlainSocketImpl.waitForConnect(Native Method)at java.net.DualStackPlainSocketImpl.socketConnect(DualStackPlainSocketImpl.java:85)at java.net.AbstractPlainSocketImpl.doConnect(AbstractPlainSocketImpl.java:350)at java.net.AbstractPlainSocketImpl.connectToAddress(AbstractPlainSocketImpl.java:206)at java.net.AbstractPlainSocketImpl.connect(AbstractPlainSocketImpl.java:188)at java.net.PlainSocketImpl.connect(PlainSocketImpl.java:172)at java.net.SocksSocketImpl.connect(SocksSocketImpl.java:392)at java.net.Socket.connect(Socket.java:589)at okhttp3.internal.platform.Platform.connectSocket(Platform.java:129)at okhttp3.internal.connection.RealConnection.connectSocket(RealConnection.java:245)at okhttp3.internal.connection.RealConnection.connect(RealConnection.java:165)at okhttp3.internal.connection.StreamAllocation.findConnection(StreamAllocation.java:257)at okhttp3.internal.connection.StreamAllocation.findHealthyConnection(StreamAllocation.java:135)at okhttp3.internal.connection.StreamAllocation.newStream(StreamAllocation.java:114)at okhttp3.internal.connection.ConnectInterceptor.intercept(ConnectInterceptor.java:42)at okhttp3.internal.http.RealInterceptorChain.proceed(RealInterceptorChain.java:147)at okhttp3.internal.http.RealInterceptorChain.proceed(RealInterceptorChain.java:121)at okhttp3.internal.cache.CacheInterceptor.intercept(CacheInterceptor.java:93)at okhttp3.internal.http.RealInterceptorChain.proceed(RealInterceptorChain.java:147)at okhttp3.internal.http.RealInterceptorChain.proceed(RealInterceptorChain.java:121)at okhttp3.internal.http.BridgeInterceptor.intercept(BridgeInterceptor.java:93)at okhttp3.internal.http.RealInterceptorChain.proceed(RealInterceptorChain.java:147)at okhttp3.internal.http.RetryAndFollowUpInterceptor.intercept(RetryAndFollowUpInterceptor.java:126)at okhttp3.internal.http.RealInterceptorChain.proceed(RealInterceptorChain.java:147)at okhttp3.internal.http.RealInterceptorChain.proceed(RealInterceptorChain.java:121)at okhttp3.RealCall.getResponseWithInterceptorChain(RealCall.java:200)at okhttp3.RealCall.execute(RealCall.java:77)at org.openqa.selenium.remote.internal.OkHttpClient.execute(OkHttpClient.java:103)at io.appium.java_client.remote.AppiumCommandExecutor.lambda$1(AppiumCommandExecutor.java:162)at org.openqa.selenium.remote.ProtocolHandshake.createSession(ProtocolHandshake.java:105)at io.appium.java_client.remote.AppiumCommandExecutor$1.createSession(AppiumCommandExecutor.java:193)at io.appium.java_client.remote.AppiumCommandExecutor.createSession(AppiumCommandExecutor.java:225)at io.appium.java_client.remote.AppiumCommandExecutor.execute(AppiumCommandExecutor.java:247)... 42 more... Removed 33 stack frames]]>
    </failure>
  </testcase> <!-- gpsEnablecheck -->
  <testcase name="sortingbuttontest" time="2.081" classname="AppiumCRMpoc.AppiumCRMpocAI.SortingButtoncheck_tc">
    <failure type="org.openqa.selenium.WebDriverException" message="Connection refused: connect
Build info: version: &amp;apos;3.141.59&amp;apos;, revision: &amp;apos;e82be7d358&amp;apos;, time: &amp;apos;2018-11-14T08:17:03&amp;apos;
System info: host: &amp;apos;DESKTOP-G81NK99&amp;apos;, ip: &amp;apos;192.168.56.214&amp;apos;, os.name: &amp;apos;Windows 10&amp;apos;, os.arch: &amp;apos;amd64&amp;apos;, os.version: &amp;apos;10.0&amp;apos;, java.version: &amp;apos;1.8.0_181&amp;apos;
Driver info: driver.version: AndroidDriver">
      <![CDATA[org.openqa.selenium.WebDriverException: Connection refused: connectBuild info: version: '3.141.59', revision: 'e82be7d358', time: '2018-11-14T08:17:03'System info: host: 'DESKTOP-G81NK99', ip: '192.168.56.214', os.name: 'Windows 10', os.arch: 'amd64', os.version: '10.0', java.version: '1.8.0_181'Driver info: driver.version: AndroidDriverat io.appium.java_client.remote.AppiumCommandExecutor.lambda$6(AppiumCommandExecutor.java:259)at java.util.Optional.orElseGet(Optional.java:267)at io.appium.java_client.remote.AppiumCommandExecutor.execute(AppiumCommandExecutor.java:258)at org.openqa.selenium.remote.RemoteWebDriver.execute(RemoteWebDriver.java:552)at io.appium.java_client.DefaultGenericMobileDriver.execute(DefaultGenericMobileDriver.java:41)at io.appium.java_client.AppiumDriver.execute(AppiumDriver.java:1)at io.appium.java_client.android.AndroidDriver.execute(AndroidDriver.java:1)at org.openqa.selenium.remote.RemoteWebDriver.startSession(RemoteWebDriver.java:213)at io.appium.java_client.AppiumDriver.startSession(AppiumDriver.java:338)at org.openqa.selenium.remote.RemoteWebDriver.<init>(RemoteWebDriver.java:131)at io.appium.java_client.DefaultGenericMobileDriver.<init>(DefaultGenericMobileDriver.java:37)at io.appium.java_client.AppiumDriver.<init>(AppiumDriver.java:89)at io.appium.java_client.AppiumDriver.<init>(AppiumDriver.java:99)at io.appium.java_client.android.AndroidDriver.<init>(AndroidDriver.java:96)at AppiumCRMpoc.AppiumCRMpocAI.BaseClass.capabilities(BaseClass.java:82)at AppiumCRMpoc.AppiumCRMpocAI.SortingButtoncheck_tc.sortingbuttontest(SortingButtoncheck_tc.java:21)Caused by: java.net.ConnectException: Connection refused: connectat java.net.DualStackPlainSocketImpl.waitForConnect(Native Method)at java.net.DualStackPlainSocketImpl.socketConnect(DualStackPlainSocketImpl.java:85)at java.net.AbstractPlainSocketImpl.doConnect(AbstractPlainSocketImpl.java:350)at java.net.AbstractPlainSocketImpl.connectToAddress(AbstractPlainSocketImpl.java:206)at java.net.AbstractPlainSocketImpl.connect(AbstractPlainSocketImpl.java:188)at java.net.PlainSocketImpl.connect(PlainSocketImpl.java:172)at java.net.SocksSocketImpl.connect(SocksSocketImpl.java:392)at java.net.Socket.connect(Socket.java:589)at okhttp3.internal.platform.Platform.connectSocket(Platform.java:129)at okhttp3.internal.connection.RealConnection.connectSocket(RealConnection.java:245)at okhttp3.internal.connection.RealConnection.connect(RealConnection.java:165)at okhttp3.internal.connection.StreamAllocation.findConnection(StreamAllocation.java:257)at okhttp3.internal.connection.StreamAllocation.findHealthyConnection(StreamAllocation.java:135)at okhttp3.internal.connection.StreamAllocation.newStream(StreamAllocation.java:114)at okhttp3.internal.connection.ConnectInterceptor.intercept(ConnectInterceptor.java:42)at okhttp3.internal.http.RealInterceptorChain.proceed(RealInterceptorChain.java:147)at okhttp3.internal.http.RealInterceptorChain.proceed(RealInterceptorChain.java:121)at okhttp3.internal.cache.CacheInterceptor.intercept(CacheInterceptor.java:93)at okhttp3.internal.http.RealInterceptorChain.proceed(RealInterceptorChain.java:147)at okhttp3.internal.http.RealInterceptorChain.proceed(RealInterceptorChain.java:121)at okhttp3.internal.http.BridgeInterceptor.intercept(BridgeInterceptor.java:93)at okhttp3.internal.http.RealInterceptorChain.proceed(RealInterceptorChain.java:147)at okhttp3.internal.http.RetryAndFollowUpInterceptor.intercept(RetryAndFollowUpInterceptor.java:126)at okhttp3.internal.http.RealInterceptorChain.proceed(RealInterceptorChain.java:147)at okhttp3.internal.http.RealInterceptorChain.proceed(RealInterceptorChain.java:121)at okhttp3.RealCall.getResponseWithInterceptorChain(RealCall.java:200)at okhttp3.RealCall.execute(RealCall.java:77)at org.openqa.selenium.remote.internal.OkHttpClient.execute(OkHttpClient.java:103)at io.appium.java_client.remote.AppiumCommandExecutor.lambda$1(AppiumCommandExecutor.java:162)at org.openqa.selenium.remote.ProtocolHandshake.createSession(ProtocolHandshake.java:105)at io.appium.java_client.remote.AppiumCommandExecutor$1.createSession(AppiumCommandExecutor.java:193)at io.appium.java_client.remote.AppiumCommandExecutor.createSession(AppiumCommandExecutor.java:225)at io.appium.java_client.remote.AppiumCommandExecutor.execute(AppiumCommandExecutor.java:247)... 42 more... Removed 33 stack frames]]>
    </failure>
  </testcase> <!-- sortingbuttontest -->
</testsuite> <!-- GPSEnableHamburgerScrolling -->
